1531392751723	geckodriver	INFO	geckodriver 0.20.0
1531392751784	geckodriver	INFO	Listening on 127.0.0.1:49821
1531392752660	mozrunner::runner	INFO	Running command: "/usr/bin/firefox" "-marionette" "-profile" "/tmp/rust_mozprofile.sjcyUpTsI3QT"
1531392769337	Marionette	INFO	Listening on port 39788
1531392769388	Marionette	WARN	TLS certificate errors will be ignored for this session
1531392926388	geckodriver	INFO	geckodriver 0.20.0
1531392926405	geckodriver	INFO	Listening on 127.0.0.1:47762
1531392927419	mozrunner::runner	INFO	Running command: "/usr/bin/firefox" "-marionette" "-profile" "/tmp/rust_mozprofile.mgAvggQ8Gaqx"
IPDL protocol error: Handler returned error code!

###!!! [Parent][DispatchAsyncMessage] Error: PLayerTransaction::Msg_ReleaseLayer Processing error: message was deserialized, but the handler returned false (indicating failure)

1531392932691	Marionette	INFO	Listening on port 41264
1531392932764	Marionette	WARN	TLS certificate errors will be ignored for this session
1531392962359	geckodriver	INFO	geckodriver 0.20.0
1531392962367	geckodriver	INFO	Listening on 127.0.0.1:37894
1531392963371	mozrunner::runner	INFO	Running command: "/usr/bin/firefox" "-marionette" "-profile" "/tmp/rust_mozprofile.irZprqbK6Wj4"
*** UTM:SVC TimerManager:registerTimer called after profile-before-change notification. Ignoring timer registration for id: telemetry_modules_ping
1531392968382	Marionette	INFO	Listening on port 33418
1531392968416	Marionette	WARN	TLS certificate errors will be ignored for this session
1531393003671	geckodriver	INFO	geckodriver 0.20.0
1531393003683	geckodriver	INFO	Listening on 127.0.0.1:59581
1531393004681	mozrunner::runner	INFO	Running command: "/usr/bin/firefox" "-marionette" "-profile" "/tmp/rust_mozprofile.t3a6vXpSPYHJ"
1531393009959	Marionette	INFO	Listening on port 35310
1531393010016	Marionette	WARN	TLS certificate errors will be ignored for this session
*** UTM:SVC TimerManager:registerTimer called after profile-before-change notification. Ignoring timer registration for id: telemetry_modules_ping
1531393042774	geckodriver	INFO	geckodriver 0.20.0
1531393042782	geckodriver	INFO	Listening on 127.0.0.1:52419
1531393043786	mozrunner::runner	INFO	Running command: "/usr/bin/firefox" "-marionette" "-profile" "/tmp/rust_mozprofile.OAIwXGdw70Xr"
*** UTM:SVC TimerManager:registerTimer called after profile-before-change notification. Ignoring timer registration for id: telemetry_modules_ping
1531393048535	Marionette	INFO	Listening on port 41977
1531393048616	Marionette	WARN	TLS certificate errors will be ignored for this session
1531493825863	geckodriver	INFO	geckodriver 0.20.0
1531493825871	geckodriver	INFO	Listening on 127.0.0.1:39632
1531493826871	mozrunner::runner	INFO	Running command: "/usr/bin/firefox" "-marionette" "-profile" "/tmp/rust_mozprofile.FBvGVP0jNPvY"
1531493830885	Marionette	INFO	Listening on port 34754
1531493830932	Marionette	WARN	TLS certificate errors will be ignored for this session
1531493867607	geckodriver	INFO	geckodriver 0.20.0
1531493867616	geckodriver	INFO	Listening on 127.0.0.1:34311
1531493868618	mozrunner::runner	INFO	Running command: "/usr/bin/firefox" "-marionette" "-profile" "/tmp/rust_mozprofile.YCs5CgobYz0F"
1531493872889	Marionette	INFO	Listening on port 39435
1531493873127	Marionette	WARN	TLS certificate errors will be ignored for this session
1531494079952	geckodriver	INFO	geckodriver 0.20.0
1531494079983	geckodriver	INFO	Listening on 127.0.0.1:38822
1531494080960	mozrunner::runner	INFO	Running command: "/usr/bin/firefox" "-marionette" "-profile" "/tmp/rust_mozprofile.JURxfawh4nrI"
1531494087834	Marionette	INFO	Listening on port 46289
1531494087929	Marionette	WARN	TLS certificate errors will be ignored for this session
1531494119560	geckodriver	INFO	geckodriver 0.20.0
1531494119595	geckodriver	INFO	Listening on 127.0.0.1:39759
1531494120570	mozrunner::runner	INFO	Running command: "/usr/bin/firefox" "-marionette" "-profile" "/tmp/rust_mozprofile.5SQHiRoSijSN"
1531494126032	Marionette	INFO	Listening on port 36647
1531494126107	Marionette	WARN	TLS certificate errors will be ignored for this session
1531664365274	geckodriver	INFO	geckodriver 0.20.0
1531664365285	geckodriver	INFO	Listening on 127.0.0.1:36171
1531664366285	mozrunner::runner	INFO	Running command: "/usr/bin/firefox" "-marionette" "-profile" "/tmp/rust_mozprofile.NZA6829perQD"
1531664370761	Marionette	INFO	Listening on port 33457
1531664370839	Marionette	WARN	TLS certificate errors will be ignored for this session
1531664396543	geckodriver	INFO	geckodriver 0.20.0
1531664396555	geckodriver	INFO	Listening on 127.0.0.1:37586
1531664397552	mozrunner::runner	INFO	Running command: "/usr/bin/firefox" "-marionette" "-profile" "/tmp/rust_mozprofile.FZ0sHfz123Dc"
*** UTM:SVC TimerManager:registerTimer called after profile-before-change notification. Ignoring timer registration for id: telemetry_modules_ping
1531664404289	Marionette	INFO	Listening on port 34828
1531664404360	Marionette	WARN	TLS certificate errors will be ignored for this session
1531664606904	geckodriver	INFO	geckodriver 0.20.0
1531664606914	geckodriver	INFO	Listening on 127.0.0.1:58663
1531664607914	mozrunner::runner	INFO	Running command: "/usr/bin/firefox" "-marionette" "-profile" "/tmp/rust_mozprofile.yPkro6mDDBHV"
1531664612011	Marionette	INFO	Listening on port 39748
1531664612048	Marionette	WARN	TLS certificate errors will be ignored for this session
1531664791261	geckodriver	INFO	geckodriver 0.20.0
1531664791269	geckodriver	INFO	Listening on 127.0.0.1:41851
1531664792271	mozrunner::runner	INFO	Running command: "/usr/bin/firefox" "-marionette" "-profile" "/tmp/rust_mozprofile.Dzykv8xtekP7"
1531664796696	Marionette	INFO	Listening on port 37251
1531664796714	Marionette	WARN	TLS certificate errors will be ignored for this session
1531664992339	geckodriver	INFO	geckodriver 0.20.0
1531664992346	geckodriver	INFO	Listening on 127.0.0.1:60678
1531664993350	mozrunner::runner	INFO	Running command: "/usr/bin/firefox" "-marionette" "-profile" "/tmp/rust_mozprofile.8bWf1Lo6RGml"
1531664999125	Marionette	INFO	Listening on port 44822
1531664999196	Marionette	WARN	TLS certificate errors will be ignored for this session
JavaScript error: https://ss1.bdstatic.com/5eN1bjq8AAUYm2zgoY3K/r/www/cache/static/protocol/https/plugins/every_cookie_4644b13.js, line 4: ReferenceError: c is not defined
1531665531421	geckodriver	INFO	geckodriver 0.20.0
1531665531442	geckodriver	INFO	Listening on 127.0.0.1:43463
1531665532432	mozrunner::runner	INFO	Running command: "/usr/bin/firefox" "-marionette" "-profile" "/tmp/rust_mozprofile.5iAvWnT43Cq6"
1531665540142	Marionette	INFO	Listening on port 33886
1531665540761	Marionette	WARN	TLS certificate errors will be ignored for this session
1531665631207	geckodriver	INFO	geckodriver 0.20.0
1531665631219	geckodriver	INFO	Listening on 127.0.0.1:40412
1531665632237	mozrunner::runner	INFO	Running command: "/usr/bin/firefox" "-marionette" "-profile" "/tmp/rust_mozprofile.z86BcOfgo88B"
1531665637335	Marionette	INFO	Listening on port 39300
1531665637384	Marionette	WARN	TLS certificate errors will be ignored for this session
1531665698585	geckodriver	INFO	geckodriver 0.20.0
1531665698593	geckodriver	INFO	Listening on 127.0.0.1:50698
1531665699600	mozrunner::runner	INFO	Running command: "/usr/bin/firefox" "-marionette" "-profile" "/tmp/rust_mozprofile.qq8ysKwMs6pz"
1531665703814	Marionette	INFO	Listening on port 32890
1531665703841	Marionette	WARN	TLS certificate errors will be ignored for this session
1531665766742	geckodriver	INFO	geckodriver 0.20.0
1531665766751	geckodriver	INFO	Listening on 127.0.0.1:50343
1531665767753	mozrunner::runner	INFO	Running command: "/usr/bin/firefox" "-marionette" "-profile" "/tmp/rust_mozprofile.Ky0853fVPIvI"
1531665771843	Marionette	INFO	Listening on port 39894
1531665771887	Marionette	WARN	TLS certificate errors will be ignored for this session
1531665837719	addons.productaddons	WARN	Failed downloading via XHR, status: 0, reason: error
1531665841101	geckodriver	INFO	geckodriver 0.20.0
1531665841109	geckodriver	INFO	Listening on 127.0.0.1:54947
1531665842113	mozrunner::runner	INFO	Running command: "/usr/bin/firefox" "-marionette" "-profile" "/tmp/rust_mozprofile.X1umGBd5emTu"
1531665848135	Marionette	INFO	Listening on port 35138
1531665848205	Marionette	WARN	TLS certificate errors will be ignored for this session
1531665869518	geckodriver	INFO	geckodriver 0.20.0
1531665869526	geckodriver	INFO	Listening on 127.0.0.1:56860
1531665870530	mozrunner::runner	INFO	Running command: "/usr/bin/firefox" "-marionette" "-profile" "/tmp/rust_mozprofile.8XR3KkDuge9Z"
1531665879730	Marionette	INFO	Listening on port 41003
[Parent 849, Gecko_IOThread] WARNING: pipe error (69): Connection reset by peer: file /builds/worker/workspace/build/src/ipc/chromium/src/chrome/common/ipc_channel_posix.cc, line 353
1531665882113	Marionette	WARN	TLS certificate errors will be ignored for this session
*** UTM:SVC TimerManager:registerTimer called after profile-before-change notification. Ignoring timer registration for id: telemetry_modules_ping
1531665933137	geckodriver	INFO	geckodriver 0.20.0
1531665933145	geckodriver	INFO	Listening on 127.0.0.1:46174
1531665934150	mozrunner::runner	INFO	Running command: "/usr/bin/firefox" "-marionette" "-profile" "/tmp/rust_mozprofile.fiAJ1jwMpOet"
1531665939577	Marionette	INFO	Listening on port 39967
1531665939645	Marionette	WARN	TLS certificate errors will be ignored for this session
1531738239396	geckodriver	INFO	geckodriver 0.20.0
1531738239404	geckodriver	INFO	Listening on 127.0.0.1:48549
1531738240408	mozrunner::runner	INFO	Running command: "/usr/bin/firefox" "-marionette" "-profile" "/tmp/rust_mozprofile.tOPmjyZGKmci"
1531738244257	Marionette	INFO	Listening on port 38615
1531738244346	Marionette	WARN	TLS certificate errors will be ignored for this session
1531739317608	geckodriver	INFO	geckodriver 0.20.0
1531739317616	geckodriver	INFO	Listening on 127.0.0.1:39424
1531739318621	mozrunner::runner	INFO	Running command: "/usr/bin/firefox" "-marionette" "-profile" "/tmp/rust_mozprofile.kQmkZ5ndGh6I"
1531739322926	Marionette	INFO	Listening on port 42150
1531739322963	Marionette	WARN	TLS certificate errors will be ignored for this session
1531739355222	geckodriver	INFO	geckodriver 0.20.0
1531739355229	geckodriver	INFO	Listening on 127.0.0.1:54485
1531739356234	mozrunner::runner	INFO	Running command: "/usr/bin/firefox" "-marionette" "-profile" "/tmp/rust_mozprofile.h9FPkNiYy7KT"
1531739360418	Marionette	INFO	Listening on port 45067
1531739360472	Marionette	WARN	TLS certificate errors will be ignored for this session
1531739492997	geckodriver	INFO	geckodriver 0.20.0
1531739493009	geckodriver	INFO	Listening on 127.0.0.1:51853
1531739494029	mozrunner::runner	INFO	Running command: "/usr/bin/firefox" "-marionette" "-profile" "/tmp/rust_mozprofile.Bp2gDsDsyjTk"
1531739502935	Marionette	INFO	Listening on port 41001
1531739503989	Marionette	WARN	TLS certificate errors will be ignored for this session
1531739598488	geckodriver	INFO	geckodriver 0.20.0
1531739598501	geckodriver	INFO	Listening on 127.0.0.1:59487
1531739599499	mozrunner::runner	INFO	Running command: "/usr/bin/firefox" "-marionette" "-profile" "/tmp/rust_mozprofile.Ks5jL5HTFxuF"
1531739605390	Marionette	INFO	Listening on port 41585
1531739605462	Marionette	WARN	TLS certificate errors will be ignored for this session
1531739622642	geckodriver	INFO	geckodriver 0.20.0
1531739622652	geckodriver	INFO	Listening on 127.0.0.1:50465
1531739623652	mozrunner::runner	INFO	Running command: "/usr/bin/firefox" "-marionette" "-profile" "/tmp/rust_mozprofile.QNmtu2AElgf2"
*** UTM:SVC TimerManager:registerTimer called after profile-before-change notification. Ignoring timer registration for id: telemetry_modules_ping
1531739628116	Marionette	INFO	Listening on port 41446
1531739628192	Marionette	WARN	TLS certificate errors will be ignored for this session
1531740664784	geckodriver	INFO	geckodriver 0.20.0
1531740664800	geckodriver	INFO	Listening on 127.0.0.1:44060
1531740665798	mozrunner::runner	INFO	Running command: "/usr/bin/firefox" "-marionette" "-profile" "/tmp/rust_mozprofile.W3JNFD3pm70P"
1531740676734	Marionette	INFO	Listening on port 40585
1531740677863	Marionette	WARN	TLS certificate errors will be ignored for this session
1531741063754	geckodriver	INFO	geckodriver 0.20.0
1531741063812	geckodriver	INFO	Listening on 127.0.0.1:34578
1531741064847	mozrunner::runner	INFO	Running command: "/usr/bin/firefox" "-marionette" "-profile" "/tmp/rust_mozprofile.vBJBd6rwTFxB"
1531741081042	Marionette	INFO	Listening on port 43473
1531741081481	Marionette	WARN	TLS certificate errors will be ignored for this session
JavaScript error: resource://gre/modules/ProfileAge.jsm, line 174: Error: Unable to fetch oldest profile entry: Unix error 2 during operation lstat on file /tmp/rust_mozprofile.vBJBd6rwTFxB (¡	£*‡öîU)
JavaScript error: resource://gre/modules/ProfileAge.jsm, line 174: Error: Unable to fetch oldest profile entry: Unix error 2 during operation lstat on file /tmp/rust_mozprofile.vBJBd6rwTFxB (¡	£*‡öîU)
1531741559368	geckodriver	INFO	geckodriver 0.20.0
1531741559371	geckodriver	INFO	geckodriver 0.20.0
1531741559392	geckodriver	INFO	Listening on 127.0.0.1:42405
1531741559394	geckodriver	INFO	Listening on 127.0.0.1:42222
1531741560382	mozrunner::runner	INFO	Running command: "/usr/bin/firefox" "-marionette" "-profile" "/tmp/rust_mozprofile.IeAV7zGnuOtH"
1531741560387	mozrunner::runner	INFO	Running command: "/usr/bin/firefox" "-marionette" "-profile" "/tmp/rust_mozprofile.Hji20r5e8TEm"
1531741583870	Marionette	INFO	Listening on port 35971
1531741584369	Marionette	WARN	TLS certificate errors will be ignored for this session
1531741594665	Marionette	INFO	Listening on port 36094
1531741594968	Marionette	WARN	TLS certificate errors will be ignored for this session
1531741731935	geckodriver	INFO	geckodriver 0.20.0
1531741732068	geckodriver	INFO	Listening on 127.0.0.1:35387
1531741733025	mozrunner::runner	INFO	Running command: "/usr/bin/firefox" "-marionette" "-profile" "/tmp/rust_mozprofile.wZV3h3nRooDa"

###!!! [Child][MessageChannel] Error: (msgtype=0x49000E,name=PHttpChannel::Msg_DeletingChannel) Channel closing: too late to send/recv, messages will be lost


###!!! [Child][RunMessage] Error: Channel closing: too late to send/recv, messages will be lost


###!!! [Child][MessageChannel] Error: (msgtype=0x2D00B0,name=PContent::Msg_ScriptError) Channel closing: too late to send/recv, messages will be lost

ExceptionHandler::GenerateDump cloned child 19347
ExceptionHandler::WaitForContinueSignal waiting for continue signal...
ExceptionHandler::SendContinueSignalToChild sent continue signal to child
A content process crashed and MOZ_CRASHREPORTER_SHUTDOWN is set, shutting down
1531741772558	Marionette	INFO	Listening on port 33377
1531741772591	Marionette	WARN	TLS certificate errors will be ignored for this session
1531741820970	geckodriver	INFO	geckodriver 0.20.0
1531741820980	geckodriver	INFO	Listening on 127.0.0.1:46307
1531741822000	mozrunner::runner	INFO	Running command: "/usr/bin/firefox" "-marionette" "-profile" "/tmp/rust_mozprofile.U4o4uST9O7kC"
1531741826554	Marionette	INFO	Listening on port 34284
1531741826661	Marionette	WARN	TLS certificate errors will be ignored for this session
[Parent 19196, Gecko_IOThread] WARNING: pipe error (110): Connection reset by peer: file /builds/worker/workspace/build/src/ipc/chromium/src/chrome/common/ipc_channel_posix.cc, line 353
1532439071946	geckodriver	INFO	geckodriver 0.20.0
1532439072050	geckodriver	INFO	Listening on 127.0.0.1:39534
1532439072867	mozrunner::runner	INFO	Running command: "/usr/bin/firefox" "-marionette" "-profile" "/tmp/rust_mozprofile.a40JbvrK9Cfs"
1532439077850	Marionette	INFO	Listening on port 45328
1532439077915	Marionette	WARN	TLS certificate errors will be ignored for this session
ATTENTION: default value of option force_s3tc_enable overridden by environment.
1532439110433	geckodriver	INFO	geckodriver 0.20.0
1532439110441	geckodriver	INFO	Listening on 127.0.0.1:34303
1532439111441	mozrunner::runner	INFO	Running command: "/usr/bin/firefox" "-marionette" "-profile" "/tmp/rust_mozprofile.ufYDQCA6Vloc"
1532439115797	Marionette	INFO	Listening on port 36933
1532439115895	Marionette	WARN	TLS certificate errors will be ignored for this session
*** UTM:SVC TimerManager:registerTimer called after profile-before-change notification. Ignoring timer registration for id: telemetry_modules_ping
ATTENTION: default value of option force_s3tc_enable overridden by environment.
*** UTM:SVC TimerManager:registerTimer called after profile-before-change notification. Ignoring timer registration for id: telemetry_modules_ping
1532441708148	geckodriver	INFO	geckodriver 0.20.0
1532441708168	geckodriver	INFO	Listening on 127.0.0.1:40684
1532441709160	mozrunner::runner	INFO	Running command: "/usr/bin/firefox" "-marionette" "-profile" "/tmp/rust_mozprofile.JPSM6pj3jWUo"
1532441713205	Marionette	INFO	Listening on port 38580
1532441713289	Marionette	WARN	TLS certificate errors will be ignored for this session
ATTENTION: default value of option force_s3tc_enable overridden by environment.
JavaScript error: https://fhs.jd.com/api/getauthorurl?callback=jQuery5605378&author=%E6%9D%8E%E4%BD%B3%E5%AE%87&fhc=item&_=1532441725369, line 1: TypeError: jQuery5605378 is not a function
JavaScript error: https://fhs.jd.com/api/getauthorurl?callback=jQuery8918313&author=Magnus+Lie+Hetland%7C%E8%A2%81%E5%9B%BD%E5%BF%A0&fhc=item&_=1532441726474, line 1: TypeError: jQuery8918313 is not a function
JavaScript warning: https://nfa.jd.com/loadFa_toJson.js?aid=0_0_817-0_0_818-0_0_3431-0_0_3743-0_0_6092-0_0_5395-0_0_5394-0_0_3789-0_0_3790-0_0_6052-0_0_4035-0_0_8273&ver=20131107, line 201: unreachable code after return statement
JavaScript warning: https://nfa.jd.com/loadFa_toJson.js?aid=0_0_817-0_0_818-0_0_3431-0_0_3743-0_0_6092-0_0_5395-0_0_5394-0_0_3789-0_0_3790-0_0_6052-0_0_4035-0_0_8273&ver=20131107, line 201: unreachable code after return statement
JavaScript warning: https://nfa.jd.com/loadFa_toJson.js?aid=0_0_817-0_0_818-0_0_3431-0_0_3743-0_0_6092-0_0_5395-0_0_5394-0_0_3789-0_0_3790-0_0_6052-0_0_4035-0_0_8273&ver=20131107, line 201: unreachable code after return statement
JavaScript warning: https://nfa.jd.com/loadFa_toJson.js?aid=0_0_817-0_0_818-0_0_3431-0_0_3743-0_0_6092-0_0_5395-0_0_5394-0_0_3789-0_0_3790-0_0_6052-0_0_4035-0_0_8273&ver=20131107, line 201: unreachable code after return statement
1532441971927	geckodriver	INFO	geckodriver 0.20.0
1532441971936	geckodriver	INFO	Listening on 127.0.0.1:38714
1532441972945	mozrunner::runner	INFO	Running command: "/usr/bin/firefox" "-marionette" "-profile" "/tmp/rust_mozprofile.qDJZ7m1uF04q"
1532441977841	Marionette	INFO	Listening on port 40983
1532441977907	Marionette	WARN	TLS certificate errors will be ignored for this session
ATTENTION: default value of option force_s3tc_enable overridden by environment.
1532442093213	geckodriver	INFO	geckodriver 0.20.0
1532442093225	geckodriver	INFO	Listening on 127.0.0.1:59933
1532442094230	mozrunner::runner	INFO	Running command: "/usr/bin/firefox" "-marionette" "-profile" "/tmp/rust_mozprofile.nIsw1jAGvWtx"
1532442098784	Marionette	INFO	Listening on port 34003
1532442098912	Marionette	WARN	TLS certificate errors will be ignored for this session
ATTENTION: default value of option force_s3tc_enable overridden by environment.
JavaScript warning: https://nfa.jd.com/loadFa_toJson.js?aid=0_0_817-0_0_818-0_0_3431-0_0_3743-0_0_6092-0_0_5395-0_0_5394-0_0_3789-0_0_3790-0_0_6052-0_0_4035-0_0_8273&ver=20131107, line 201: unreachable code after return statement
JavaScript warning: https://nfa.jd.com/loadFa_toJson.js?aid=0_0_817-0_0_818-0_0_3431-0_0_3743-0_0_6092-0_0_5395-0_0_5394-0_0_3789-0_0_3790-0_0_6052-0_0_4035-0_0_8273&ver=20131107, line 201: unreachable code after return statement
JavaScript error: https://fhs.jd.com/api/getauthorurl?callback=jQuery8625723&author=%E6%9D%8E%E4%BD%B3%E5%AE%87&fhc=item&_=1532442125131, line 1: TypeError: jQuery8625723 is not a function
JavaScript warning: https://nfa.jd.com/loadFa_toJson.js?aid=0_0_817-0_0_818-0_0_3431-0_0_3743-0_0_6092-0_0_5395-0_0_5394-0_0_3789-0_0_3790-0_0_6052-0_0_4035-0_0_8273&ver=20131107, line 201: unreachable code after return statement
JavaScript error: https://fhs.jd.com/api/getauthorurl?callback=jQuery6151947&author=Magnus+Lie+Hetland%7C%E8%A2%81%E5%9B%BD%E5%BF%A0&fhc=item&_=1532442125600, line 1: TypeError: jQuery6151947 is not a function
JavaScript error: https://fhs.jd.com/api/getauthorurl?callback=jQuery5694271&author=%E6%98%8E%E6%97%A5%E7%A7%91%E6%8A%80&fhc=item&_=1532442125793, line 1: TypeError: jQuery5694271 is not a function
JavaScript warning: https://nfa.jd.com/loadFa_toJson.js?aid=0_0_817-0_0_818-0_0_3431-0_0_3743-0_0_6092-0_0_5395-0_0_5394-0_0_3789-0_0_3790-0_0_6052-0_0_4035-0_0_8273&ver=20131107, line 201: unreachable code after return statement
1532442299606	geckodriver	INFO	geckodriver 0.20.0
1532442299630	geckodriver	INFO	Listening on 127.0.0.1:46998
1532442300613	mozrunner::runner	INFO	Running command: "/usr/bin/firefox" "-marionette" "-profile" "/tmp/rust_mozprofile.ZPCxgSu0xn8K"
1532442314537	Marionette	INFO	Listening on port 46414
1532442314676	Marionette	WARN	TLS certificate errors will be ignored for this session
ATTENTION: default value of option force_s3tc_enable overridden by environment.
1532581519163	geckodriver	INFO	geckodriver 0.20.0
1532581519249	geckodriver	INFO	Listening on 127.0.0.1:49724
1532581520106	mozrunner::runner	INFO	Running command: "/usr/bin/firefox" "-marionette" "-profile" "/tmp/rust_mozprofile.eDNLX0UndRjL"
1532581525774	Marionette	INFO	Listening on port 45896
1532581525910	Marionette	WARN	TLS certificate errors will be ignored for this session
ATTENTION: default value of option force_s3tc_enable overridden by environment.
JavaScript error: https://fhs.jd.com/api/getauthorurl?callback=jQuery3798203&author=%E6%98%8E%E6%97%A5%E7%A7%91%E6%8A%80&fhc=item&_=1532581577560, line 1: TypeError: jQuery3798203 is not a function
JavaScript warning: https://nfa.jd.com/loadFa_toJson.js?aid=0_0_817-0_0_818-0_0_3431-0_0_3743-0_0_6092-0_0_5395-0_0_5394-0_0_3789-0_0_3790-0_0_6052-0_0_4035-0_0_8273&ver=20131107, line 185: unreachable code after return statement
JavaScript warning: https://nfa.jd.com/loadFa_toJson.js?aid=0_0_817-0_0_818-0_0_3431-0_0_3743-0_0_6092-0_0_5395-0_0_5394-0_0_3789-0_0_3790-0_0_6052-0_0_4035-0_0_8273&ver=20131107, line 185: unreachable code after return statement
JavaScript warning: https://nfa.jd.com/loadFa_toJson.js?aid=0_0_817-0_0_818-0_0_3431-0_0_3743-0_0_6092-0_0_5395-0_0_5394-0_0_3789-0_0_3790-0_0_6052-0_0_4035-0_0_8273&ver=20131107, line 185: unreachable code after return statement
JavaScript warning: https://nfa.jd.com/loadFa_toJson.js?aid=0_0_817-0_0_818-0_0_3431-0_0_3743-0_0_6092-0_0_5395-0_0_5394-0_0_3789-0_0_3790-0_0_6052-0_0_4035-0_0_8273&ver=20131107, line 185: unreachable code after return statement
JavaScript warning: https://nfa.jd.com/loadFa_toJson.js?aid=0_0_817-0_0_818-0_0_3431-0_0_3743-0_0_6092-0_0_5395-0_0_5394-0_0_3789-0_0_3790-0_0_6052-0_0_4035-0_0_8273&ver=20131107, line 185: unreachable code after return statement
JavaScript warning: https://nfa.jd.com/loadFa_toJson.js?aid=0_0_817-0_0_818-0_0_3431-0_0_3743-0_0_6092-0_0_5395-0_0_5394-0_0_3789-0_0_3790-0_0_6052-0_0_4035-0_0_8273&ver=20131107, line 185: unreachable code after return statement
JavaScript warning: https://nfa.jd.com/loadFa_toJson.js?aid=0_0_817-0_0_818-0_0_3431-0_0_3743-0_0_6092-0_0_5395-0_0_5394-0_0_3789-0_0_3790-0_0_6052-0_0_4035-0_0_8273&ver=20131107, line 185: unreachable code after return statement
JavaScript warning: https://nfa.jd.com/loadFa_toJson.js?aid=0_0_817-0_0_818-0_0_3431-0_0_3743-0_0_6092-0_0_5395-0_0_5394-0_0_3789-0_0_3790-0_0_6052-0_0_4035-0_0_8273&ver=20131107, line 185: unreachable code after return statement
JavaScript warning: https://nfa.jd.com/loadFa_toJson.js?aid=0_0_817-0_0_818-0_0_3431-0_0_3743-0_0_6092-0_0_5395-0_0_5394-0_0_3789-0_0_3790-0_0_6052-0_0_4035-0_0_8273&ver=20131107, line 185: unreachable code after return statement
JavaScript warning: https://nfa.jd.com/loadFa_toJson.js?aid=0_0_817-0_0_818-0_0_3431-0_0_3743-0_0_6092-0_0_5395-0_0_5394-0_0_3789-0_0_3790-0_0_6052-0_0_4035-0_0_8273&ver=20131107, line 185: unreachable code after return statement
1532583040092	geckodriver	INFO	geckodriver 0.20.0
1532583040101	geckodriver	INFO	Listening on 127.0.0.1:32879
1532583041105	mozrunner::runner	INFO	Running command: "/usr/bin/firefox" "-marionette" "-profile" "/tmp/rust_mozprofile.yKBtxKrNZHBE"
1532583044894	Marionette	INFO	Listening on port 45040
1532583044939	Marionette	WARN	TLS certificate errors will be ignored for this session
ATTENTION: default value of option force_s3tc_enable overridden by environment.
1532583131868	geckodriver	INFO	geckodriver 0.20.0
1532583131877	geckodriver	INFO	Listening on 127.0.0.1:58717
1532583132878	mozrunner::runner	INFO	Running command: "/usr/bin/firefox" "-marionette" "-profile" "/tmp/rust_mozprofile.SnqCJtvyyBhb"
1532583137414	Marionette	INFO	Listening on port 38592
1532583137524	Marionette	WARN	TLS certificate errors will be ignored for this session
ATTENTION: default value of option force_s3tc_enable overridden by environment.
1532586482728	geckodriver	INFO	geckodriver 0.20.0
1532586482737	geckodriver	INFO	Listening on 127.0.0.1:34670
1532586483739	mozrunner::runner	INFO	Running command: "/usr/bin/firefox" "-marionette" "-profile" "/tmp/rust_mozprofile.HQ7ZIdRTWsys"
1532586489757	Marionette	INFO	Listening on port 38820
1532586489785	Marionette	WARN	TLS certificate errors will be ignored for this session
1532586490764	addons.xpi	WARN	Exception running bootstrap method shutdown on activity-stream@mozilla.org: [Exception... "Component returned failure code: 0x80004005 (NS_ERROR_FAILURE) [nsIObserverService.removeObserver]"  nsresult: "0x80004005 (NS_ERROR_FAILURE)"  location: "JS frame :: resource://activity-stream/lib/TelemetryFeed.jsm :: uninit :: line 493"  data: no] Stack trace: uninit()@resource://activity-stream/lib/TelemetryFeed.jsm:493
onAction()@resource://activity-stream/lib/TelemetryFeed.jsm:451
_middleware/</<()@resource://activity-stream/lib/Store.jsm:51
Store/this[method]()@resource://activity-stream/lib/Store.jsm:29
uninit()@resource://activity-stream/lib/Store.jsm:170
uninit()@resource://activity-stream/lib/ActivityStream.jsm:318
uninit()@resource://gre/modules/addons/XPIProvider.jsm -> jar:file:///usr/lib64/firefox/browser/features/activity-stream@mozilla.org.xpi!/bootstrap.js:79
shutdown()@resource://gre/modules/addons/XPIProvider.jsm -> jar:file:///usr/lib64/firefox/browser/features/activity-stream@mozilla.org.xpi!/bootstrap.js:187
callBootstrapMethod()@resource://gre/modules/addons/XPIProvider.jsm:2757
observe()@resource://gre/modules/addons/XPIProvider.jsm:1672
*** UTM:SVC TimerManager:registerTimer called after profile-before-change notification. Ignoring timer registration for id: telemetry_modules_ping
1532586495259	geckodriver	INFO	geckodriver 0.20.0
1532586495267	geckodriver	INFO	Listening on 127.0.0.1:39072
1532586496272	mozrunner::runner	INFO	Running command: "/usr/bin/firefox" "-marionette" "-profile" "/tmp/rust_mozprofile.BHrCW1tXYG1S"
1532586500484	Marionette	INFO	Listening on port 45126
1532586500528	Marionette	WARN	TLS certificate errors will be ignored for this session
ATTENTION: default value of option force_s3tc_enable overridden by environment.
1532586511601	geckodriver::marionette	ERROR	Failed to stop browser process
1532955322614	geckodriver	INFO	geckodriver 0.20.0
1532955322710	geckodriver	INFO	Listening on 127.0.0.1:47277
1532955323560	mozrunner::runner	INFO	Running command: "/usr/bin/firefox" "-marionette" "-profile" "/tmp/rust_mozprofile.1oaX7Y22rJ55"
1532955328225	Marionette	INFO	Listening on port 38528
1532955328308	Marionette	WARN	TLS certificate errors will be ignored for this session
*** UTM:SVC TimerManager:registerTimer called after profile-before-change notification. Ignoring timer registration for id: telemetry_modules_ping
1532955335983	geckodriver::marionette	ERROR	Failed to stop browser process
1535429126712	geckodriver	INFO	geckodriver 0.20.0
1535429126807	geckodriver	INFO	Listening on 127.0.0.1:42177
1535429127635	mozrunner::runner	INFO	Running command: "/usr/bin/firefox" "-marionette" "-profile" "/tmp/rust_mozprofile.Ma5ANSNGXt6L"
1535429134465	Marionette	INFO	Listening on port 45028
1535429134500	Marionette	WARN	TLS certificate errors will be ignored for this session
1535429134624	geckodriver	INFO	geckodriver 0.20.0
1535429134634	geckodriver	INFO	Listening on 127.0.0.1:53602
1535429135633	mozrunner::runner	INFO	Running command: "/usr/bin/firefox" "-marionette" "-profile" "/tmp/rust_mozprofile.dELXLNbYYZUx"
1535429141642	Marionette	INFO	Listening on port 46345
1535429141710	Marionette	WARN	TLS certificate errors will be ignored for this session
JavaScript error: https://login.taobao.com/jump?target=https://www.tmall.com, line 26: SyntaxError: expected expression, got '<'
*** UTM:SVC TimerManager:registerTimer called after profile-before-change notification. Ignoring timer registration for id: telemetry_modules_ping
*** UTM:SVC TimerManager:registerTimer called after profile-before-change notification. Ignoring timer registration for id: telemetry_modules_ping
1535429168236	geckodriver	INFO	geckodriver 0.20.0
1535429168256	geckodriver	INFO	Listening on 127.0.0.1:49478
1535429169251	mozrunner::runner	INFO	Running command: "/usr/bin/firefox" "-marionette" "-profile" "/tmp/rust_mozprofile.TWoPlpZrVqVn"
1535429173574	Marionette	INFO	Listening on port 34376
1535429173644	Marionette	WARN	TLS certificate errors will be ignored for this session
ATTENTION: default value of option force_s3tc_enable overridden by environment.
JavaScript error: https://login.taobao.com/jump?target=https://www.tmall.com, line 26: SyntaxError: expected expression, got '<'
ATTENTION: default value of option force_s3tc_enable overridden by environment.
1535429251610	geckodriver	INFO	geckodriver 0.20.0
1535429251618	geckodriver	INFO	Listening on 127.0.0.1:37848
1535429252624	mozrunner::runner	INFO	Running command: "/usr/bin/firefox" "-marionette" "-profile" "/tmp/rust_mozprofile.PB4IQLWzVDVi"
[Parent 29419, Gecko_IOThread] WARNING: pipe error (88): Connection reset by peer: file /builds/worker/workspace/build/src/ipc/chromium/src/chrome/common/ipc_channel_posix.cc, line 353
[Parent 29419, Gecko_IOThread] WARNING: pipe error (64): Connection reset by peer: file /builds/worker/workspace/build/src/ipc/chromium/src/chrome/common/ipc_channel_posix.cc, line 353
1535429257326	Marionette	INFO	Listening on port 36507
1535429257441	Marionette	WARN	TLS certificate errors will be ignored for this session
ATTENTION: default value of option force_s3tc_enable overridden by environment.
JavaScript error: https://login.taobao.com/jump?target=https://www.tmall.com, line 26: SyntaxError: expected expression, got '<'
1535429448087	geckodriver	INFO	geckodriver 0.20.0
1535429448111	geckodriver	INFO	Listening on 127.0.0.1:33532
1535429449100	mozrunner::runner	INFO	Running command: "/usr/bin/firefox" "-marionette" "-profile" "/tmp/rust_mozprofile.giVl0kVXTZZh"
1535429453216	Marionette	INFO	Listening on port 39022
1535429453229	Marionette	WARN	TLS certificate errors will be ignored for this session
ATTENTION: default value of option force_s3tc_enable overridden by environment.
JavaScript error: https://login.taobao.com/jump?target=https://www.tmall.com, line 26: SyntaxError: expected expression, got '<'
1535430377320	geckodriver	INFO	geckodriver 0.20.0
1535430377328	geckodriver	INFO	Listening on 127.0.0.1:37357
1535430378330	mozrunner::runner	INFO	Running command: "/usr/bin/firefox" "-marionette" "-profile" "/tmp/rust_mozprofile.X7SRv5AGDfzw"
1535430382565	Marionette	INFO	Listening on port 32899
1535430382799	Marionette	WARN	TLS certificate errors will be ignored for this session
ATTENTION: default value of option force_s3tc_enable overridden by environment.
JavaScript error: https://login.taobao.com/jump?target=https://www.tmall.com, line 26: SyntaxError: expected expression, got '<'
1535430704577	geckodriver	INFO	geckodriver 0.20.0
1535430704585	geckodriver	INFO	Listening on 127.0.0.1:46290
1535430705591	mozrunner::runner	INFO	Running command: "/usr/bin/firefox" "-marionette" "-profile" "/tmp/rust_mozprofile.ztl78fOwIo1a"
1535430709609	Marionette	INFO	Listening on port 45644
1535430709625	Marionette	WARN	TLS certificate errors will be ignored for this session
JavaScript error: https://login.taobao.com/jump?target=https://www.tmall.com, line 26: SyntaxError: expected expression, got '<'
ATTENTION: default value of option force_s3tc_enable overridden by environment.
1535430762165	geckodriver	INFO	geckodriver 0.20.0
1535430762173	geckodriver	INFO	Listening on 127.0.0.1:32974
1535430763181	mozrunner::runner	INFO	Running command: "/usr/bin/firefox" "-marionette" "-profile" "/tmp/rust_mozprofile.sabci4AvJcAi"
*** UTM:SVC TimerManager:registerTimer called after profile-before-change notification. Ignoring timer registration for id: telemetry_modules_ping
1535430767558	Marionette	INFO	Listening on port 34357
1535430767685	Marionette	WARN	TLS certificate errors will be ignored for this session
JavaScript error: resource://gre/modules/ProfileAge.jsm, line 174: Error: Unable to fetch oldest profile entry: Unix error 2 during operation lstat on file /tmp/rust_mozprofile.sabci4AvJcAi (¡	£*‡öîU)
ATTENTION: default value of option force_s3tc_enable overridden by environment.
JavaScript error: https://login.taobao.com/jump?target=https://www.tmall.com, line 26: SyntaxError: expected expression, got '<'
1535430805264	geckodriver	INFO	geckodriver 0.20.0
1535430805272	geckodriver	INFO	Listening on 127.0.0.1:46465
1535430806275	mozrunner::runner	INFO	Running command: "/usr/bin/firefox" "-marionette" "-profile" "/tmp/rust_mozprofile.Pu2JSTLEkWOJ"
*** UTM:SVC TimerManager:registerTimer called after profile-before-change notification. Ignoring timer registration for id: telemetry_modules_ping
1535430810914	Marionette	INFO	Listening on port 40538
1535430811014	Marionette	WARN	TLS certificate errors will be ignored for this session
JavaScript error: https://login.taobao.com/jump?target=https://www.tmall.com, line 26: SyntaxError: expected expression, got '<'
ATTENTION: default value of option force_s3tc_enable overridden by environment.
1535430863514	geckodriver	INFO	geckodriver 0.20.0
1535430863522	geckodriver	INFO	Listening on 127.0.0.1:41924
1535430864528	mozrunner::runner	INFO	Running command: "/usr/bin/firefox" "-marionette" "-profile" "/tmp/rust_mozprofile.MMHsDyPTCRUv"
JavaScript error: resource:///modules/SavantShieldStudy.jsm, line 171: TypeError: this.addonListener is undefined
console.error: (new Error("Connection closed before committing the transaction.", "resource://gre/modules/Sqlite.jsm", 632))
*** UTM:SVC TimerManager:registerTimer called after profile-before-change notification. Ignoring timer registration for id: telemetry_modules_ping
1535430878806	geckodriver	INFO	geckodriver 0.20.0
1535430878823	geckodriver	INFO	Listening on 127.0.0.1:48465
1535430879820	mozrunner::runner	INFO	Running command: "/usr/bin/firefox" "-marionette" "-profile" "/tmp/rust_mozprofile.PCfHbZmYP9TF"
1535430884288	Marionette	INFO	Listening on port 44990
1535430884355	Marionette	WARN	TLS certificate errors will be ignored for this session
JavaScript error: https://login.taobao.com/jump?target=https://www.tmall.com, line 26: SyntaxError: expected expression, got '<'
ATTENTION: default value of option force_s3tc_enable overridden by environment.
1535430944274	geckodriver	INFO	geckodriver 0.20.0
1535430944282	geckodriver	INFO	Listening on 127.0.0.1:38230
1535430945289	mozrunner::runner	INFO	Running command: "/usr/bin/firefox" "-marionette" "-profile" "/tmp/rust_mozprofile.rgdNilb8x79p"
1535430949397	Marionette	FATAL	Remote protocol server failed to start: Error: Could not bind to port 45164 (NS_ERROR_SOCKET_ADDRESS_IN_USE) (chrome://marionette/content/server.js:87:17) JS Stack trace: set acceptConnections@server.js:87:17
start@server.js:116:5
init/<@marionette.js:442:9
1535430949425	addons.xpi	WARN	Exception running bootstrap method shutdown on activity-stream@mozilla.org: [Exception... "Component returned failure code: 0x80004005 (NS_ERROR_FAILURE) [nsIObserverService.removeObserver]"  nsresult: "0x80004005 (NS_ERROR_FAILURE)"  location: "JS frame :: resource://activity-stream/lib/TelemetryFeed.jsm :: uninit :: line 493"  data: no] Stack trace: uninit()@resource://activity-stream/lib/TelemetryFeed.jsm:493
onAction()@resource://activity-stream/lib/TelemetryFeed.jsm:451
_middleware/</<()@resource://activity-stream/lib/Store.jsm:51
Store/this[method]()@resource://activity-stream/lib/Store.jsm:29
uninit()@resource://activity-stream/lib/Store.jsm:170
uninit()@resource://activity-stream/lib/ActivityStream.jsm:318
uninit()@resource://gre/modules/addons/XPIProvider.jsm -> jar:file:///usr/lib64/firefox/browser/features/activity-stream@mozilla.org.xpi!/bootstrap.js:79
shutdown()@resource://gre/modules/addons/XPIProvider.jsm -> jar:file:///usr/lib64/firefox/browser/features/activity-stream@mozilla.org.xpi!/bootstrap.js:187
callBootstrapMethod()@resource://gre/modules/addons/XPIProvider.jsm:2757
observe()@resource://gre/modules/addons/XPIProvider.jsm:1672
init/<()@jar:file:///usr/lib64/firefox/omni.ja!/components/marionette.js:447
JavaScript error: resource:///modules/SavantShieldStudy.jsm, line 171: TypeError: this.addonListener is undefined

###!!! [Parent][MessageChannel] Error: (msgtype=0x2D0020,name=PContent::Msg_PreferenceUpdate) Closed channel: cannot send/recv

JavaScript error: resource://gre/modules/JSONFile.jsm, line 159: Error: Data is not ready.
JavaScript error: resource://gre/modules/JSONFile.jsm, line 159: Error: Data is not ready.
JavaScript error: resource://gre/modules/JSONFile.jsm, line 159: Error: Data is not ready.

###!!! [Parent][DispatchAsyncMessage] Error: PBackgroundIDBFactory::Msg_PBackgroundIDBFactoryRequestConstructor Value error: message was deserialized, but contained an illegal value


###!!! [Parent][DispatchAsyncMessage] Error: PBackgroundIDBFactory::Msg_PBackgroundIDBFactoryRequestConstructor Value error: message was deserialized, but contained an illegal value

*** UTM:SVC TimerManager:registerTimer called after profile-before-change notification. Ignoring timer registration for id: telemetry_modules_ping
1535430980849	geckodriver	INFO	geckodriver 0.20.0
1535430980869	geckodriver	INFO	Listening on 127.0.0.1:46264
1535430981864	mozrunner::runner	INFO	Running command: "/usr/bin/firefox" "-marionette" "-profile" "/tmp/rust_mozprofile.HDbiqGFQtWlk"
1535430985963	Marionette	INFO	Listening on port 41329
1535430986002	Marionette	WARN	TLS certificate errors will be ignored for this session
JavaScript error: https://login.taobao.com/jump?target=https://www.tmall.com, line 26: SyntaxError: expected expression, got '<'
ATTENTION: default value of option force_s3tc_enable overridden by environment.
*** UTM:SVC TimerManager:registerTimer called after profile-before-change notification. Ignoring timer registration for id: telemetry_modules_ping
1535431039736	geckodriver	INFO	geckodriver 0.20.0
1535431039744	geckodriver	INFO	Listening on 127.0.0.1:59587
1535431040751	mozrunner::runner	INFO	Running command: "/usr/bin/firefox" "-marionette" "-profile" "/tmp/rust_mozprofile.PpGFy0QflrBF"
1535431044554	Marionette	INFO	Listening on port 46690
1535431044579	Marionette	WARN	TLS certificate errors will be ignored for this session
JavaScript error: https://login.taobao.com/jump?target=https://www.tmall.com, line 26: SyntaxError: expected expression, got '<'
ATTENTION: default value of option force_s3tc_enable overridden by environment.
1535447620462	geckodriver	INFO	geckodriver 0.20.0
1535447620487	geckodriver	INFO	Listening on 127.0.0.1:59261
1535447621489	mozrunner::runner	INFO	Running command: "/usr/bin/firefox" "-marionette" "-profile" "/tmp/rust_mozprofile.JPgC4C9gPDQI"
[Parent 32671, Gecko_IOThread] WARNING: pipe error (55): Connection reset by peer: file /builds/worker/workspace/build/src/ipc/chromium/src/chrome/common/ipc_channel_posix.cc, line 353
1535447630047	Marionette	INFO	Listening on port 34318
1535447630207	Marionette	WARN	TLS certificate errors will be ignored for this session
JavaScript error: https://login.taobao.com/jump?target=https://www.tmall.com, line 26: SyntaxError: expected expression, got '<'
ATTENTION: default value of option force_s3tc_enable overridden by environment.
1535448542939	geckodriver	INFO	geckodriver 0.20.0
1535448542946	geckodriver	INFO	Listening on 127.0.0.1:37026
1535448543946	mozrunner::runner	INFO	Running command: "/usr/bin/firefox" "-marionette" "-profile" "/tmp/rust_mozprofile.MvLG2mIHMBwf"
1535448548467	Marionette	INFO	Listening on port 34102
1535448548699	Marionette	WARN	TLS certificate errors will be ignored for this session
ATTENTION: default value of option force_s3tc_enable overridden by environment.
JavaScript error: https://login.taobao.com/jump?target=https://www.tmall.com, line 26: SyntaxError: expected expression, got '<'
1535448674981	geckodriver	INFO	geckodriver 0.20.0
1535448674989	geckodriver	INFO	Listening on 127.0.0.1:39071
1535448675993	mozrunner::runner	INFO	Running command: "/usr/bin/firefox" "-marionette" "-profile" "/tmp/rust_mozprofile.dbCMlKbQGgPq"
1535448681173	Marionette	INFO	Listening on port 33730
1535448681230	Marionette	WARN	TLS certificate errors will be ignored for this session
ATTENTION: default value of option force_s3tc_enable overridden by environment.
JavaScript error: https://login.taobao.com/jump?target=https://www.tmall.com, line 26: SyntaxError: expected expression, got '<'
1535448751763	geckodriver	INFO	geckodriver 0.20.0
1535448751779	geckodriver	INFO	Listening on 127.0.0.1:52453
1535448752775	mozrunner::runner	INFO	Running command: "/usr/bin/firefox" "-marionette" "-profile" "/tmp/rust_mozprofile.xJGVlkVJoBUy"
1535448762039	Marionette	INFO	Listening on port 39578
1535448762293	Marionette	WARN	TLS certificate errors will be ignored for this session
ATTENTION: default value of option force_s3tc_enable overridden by environment.
JavaScript error: https://login.taobao.com/jump?target=https://www.tmall.com, line 26: SyntaxError: expected expression, got '<'
1535459883473	geckodriver	INFO	geckodriver 0.20.0
1535459883577	geckodriver	INFO	Listening on 127.0.0.1:40937
1535459884385	mozrunner::runner	INFO	Running command: "/usr/bin/firefox" "-marionette" "-profile" "/tmp/rust_mozprofile.AyScpLx233BS"
1535459893490	Marionette	INFO	Listening on port 36997
1535459893597	Marionette	WARN	TLS certificate errors will be ignored for this session
JavaScript error: https://login.taobao.com/jump?target=https://www.tmall.com, line 26: SyntaxError: expected expression, got '<'
ATTENTION: default value of option force_s3tc_enable overridden by environment.
1535460393695	geckodriver	INFO	geckodriver 0.20.0
1535460393703	geckodriver	INFO	Listening on 127.0.0.1:42631
1535460394707	mozrunner::runner	INFO	Running command: "/usr/bin/firefox" "-marionette" "-profile" "/tmp/rust_mozprofile.Q9LKPeB1CW5u"
1535460400161	Marionette	INFO	Listening on port 40578
1535460400271	Marionette	WARN	TLS certificate errors will be ignored for this session
ATTENTION: default value of option force_s3tc_enable overridden by environment.
JavaScript error: https://login.taobao.com/jump?target=https://www.tmall.com, line 26: SyntaxError: expected expression, got '<'
1535460500162	geckodriver	INFO	geckodriver 0.20.0
1535460500182	geckodriver	INFO	Listening on 127.0.0.1:59943
1535460501176	mozrunner::runner	INFO	Running command: "/usr/bin/firefox" "-marionette" "-profile" "/tmp/rust_mozprofile.5qqokhzaIjbY"
1535460505104	Marionette	INFO	Listening on port 36135
1535460505206	Marionette	WARN	TLS certificate errors will be ignored for this session
ATTENTION: default value of option force_s3tc_enable overridden by environment.
JavaScript error: https://login.taobao.com/jump?target=https://www.tmall.com, line 26: SyntaxError: expected expression, got '<'
1535460550493	geckodriver	INFO	geckodriver 0.20.0
1535460550502	geckodriver	INFO	Listening on 127.0.0.1:39361
1535460551511	mozrunner::runner	INFO	Running command: "/usr/bin/firefox" "-marionette" "-profile" "/tmp/rust_mozprofile.nkwMAgjNGXE1"
1535460556246	Marionette	INFO	Listening on port 41287
1535460556355	Marionette	WARN	TLS certificate errors will be ignored for this session
ATTENTION: default value of option force_s3tc_enable overridden by environment.
JavaScript error: https://login.taobao.com/jump?target=https://www.tmall.com, line 26: SyntaxError: expected expression, got '<'
1535460928071	geckodriver	INFO	geckodriver 0.20.0
1535460928089	geckodriver	INFO	Listening on 127.0.0.1:37281
1535460929085	mozrunner::runner	INFO	Running command: "/usr/bin/firefox" "-marionette" "-profile" "/tmp/rust_mozprofile.IlpBNywXXuxP"
1535460932279	geckodriver	INFO	geckodriver 0.20.0
1535460932286	geckodriver	INFO	Listening on 127.0.0.1:58431
1535460933291	mozrunner::runner	INFO	Running command: "/usr/bin/firefox" "-marionette" "-profile" "/tmp/rust_mozprofile.9wsS8CRXrmH3"
1535460938794	Marionette	INFO	Listening on port 40897
1535460938849	Marionette	WARN	TLS certificate errors will be ignored for this session
ATTENTION: default value of option force_s3tc_enable overridden by environment.
JavaScript error: https://login.taobao.com/jump?target=https://www.tmall.com, line 26: SyntaxError: expected expression, got '<'
1535462070390	geckodriver	INFO	geckodriver 0.20.0
1535462070408	geckodriver	INFO	Listening on 127.0.0.1:50186
1535462071407	mozrunner::runner	INFO	Running command: "/usr/bin/firefox" "-marionette" "-profile" "/tmp/rust_mozprofile.Zfz1mLv2cdl7"
1535462076878	Marionette	INFO	Listening on port 39939
1535462076949	Marionette	WARN	TLS certificate errors will be ignored for this session
ATTENTION: default value of option force_s3tc_enable overridden by environment.
JavaScript error: https://login.taobao.com/jump?target=https://www.tmall.com, line 26: SyntaxError: expected expression, got '<'
1535463254759	geckodriver	INFO	geckodriver 0.20.0
1535463254811	geckodriver	INFO	Listening on 127.0.0.1:54489
1535463255884	mozrunner::runner	INFO	Running command: "/usr/bin/firefox" "-marionette" "-profile" "/tmp/rust_mozprofile.ZcVdR2IvoeIh"
1535463265429	Marionette	INFO	Listening on port 43862
1535463265448	Marionette	WARN	TLS certificate errors will be ignored for this session
ATTENTION: default value of option force_s3tc_enable overridden by environment.
JavaScript error: https://login.taobao.com/jump?target=https://www.tmall.com, line 26: SyntaxError: expected expression, got '<'
1535463451822	geckodriver	INFO	geckodriver 0.20.0
1535463451834	geckodriver	INFO	Listening on 127.0.0.1:56231
1535463452833	mozrunner::runner	INFO	Running command: "/usr/bin/firefox" "-marionette" "-profile" "/tmp/rust_mozprofile.QX1AIKmQwgBW"
1535463457024	Marionette	INFO	Listening on port 39055
1535463457111	Marionette	WARN	TLS certificate errors will be ignored for this session
JavaScript error: https://login.taobao.com/jump?target=https://www.tmall.com, line 26: SyntaxError: expected expression, got '<'
ATTENTION: default value of option force_s3tc_enable overridden by environment.
1535464887827	geckodriver	INFO	geckodriver 0.20.0
1535464887861	geckodriver	INFO	Listening on 127.0.0.1:33303
1535464888837	mozrunner::runner	INFO	Running command: "/usr/bin/firefox" "-marionette" "-profile" "/tmp/rust_mozprofile.Ei2vtjfbP8w4"
1535464893316	Marionette	INFO	Listening on port 36158
1535464893405	Marionette	WARN	TLS certificate errors will be ignored for this session
JavaScript error: https://login.taobao.com/jump?target=https://www.tmall.com, line 26: SyntaxError: expected expression, got '<'
ATTENTION: default value of option force_s3tc_enable overridden by environment.
1535464912121	geckodriver	INFO	geckodriver 0.20.0
1535464912129	geckodriver	INFO	Listening on 127.0.0.1:57502
1535464913133	mozrunner::runner	INFO	Running command: "/usr/bin/firefox" "-marionette" "-profile" "/tmp/rust_mozprofile.dD5mTKdtp05k"
*** UTM:SVC TimerManager:registerTimer called after profile-before-change notification. Ignoring timer registration for id: telemetry_modules_ping
1535464917824	Marionette	INFO	Listening on port 34085
1535464917895	Marionette	WARN	TLS certificate errors will be ignored for this session
JavaScript error: https://login.taobao.com/jump?target=https://www.tmall.com, line 26: SyntaxError: expected expression, got '<'
ATTENTION: default value of option force_s3tc_enable overridden by environment.
1535466155368	geckodriver	INFO	geckodriver 0.20.0
1535466155376	geckodriver	INFO	Listening on 127.0.0.1:50574
1535466156379	mozrunner::runner	INFO	Running command: "/usr/bin/firefox" "-marionette" "-profile" "/tmp/rust_mozprofile.h1YyknYbknbs"
1535466160412	geckodriver	INFO	geckodriver 0.20.0
1535466160419	geckodriver	INFO	Listening on 127.0.0.1:35350
1535466160426	mozrunner::runner	INFO	Running command: "/usr/bin/firefox" "-marionette" "-profile" "/tmp/rust_mozprofile.Poeg7N767lWV"
1535466164785	Marionette	INFO	Listening on port 35963
1535466164865	Marionette	WARN	TLS certificate errors will be ignored for this session
ATTENTION: default value of option force_s3tc_enable overridden by environment.
JavaScript error: https://login.taobao.com/jump?target=https://www.tmall.com, line 26: SyntaxError: expected expression, got '<'
1535466286633	geckodriver	INFO	geckodriver 0.20.0
1535466286641	geckodriver	INFO	Listening on 127.0.0.1:37784
1535466287646	mozrunner::runner	INFO	Running command: "/usr/bin/firefox" "-marionette" "-profile" "/tmp/rust_mozprofile.kZT7AnUbPVJL"
1535466291961	Marionette	INFO	Listening on port 35955
1535466291978	Marionette	WARN	TLS certificate errors will be ignored for this session
ATTENTION: default value of option force_s3tc_enable overridden by environment.
JavaScript error: https://login.taobao.com/jump?target=https://www.tmall.com, line 26: SyntaxError: expected expression, got '<'
1535466442994	geckodriver	INFO	geckodriver 0.20.0
1535466443006	geckodriver	INFO	Listening on 127.0.0.1:54425
1535466444012	mozrunner::runner	INFO	Running command: "/usr/bin/firefox" "-marionette" "-profile" "/tmp/rust_mozprofile.sGu5QY0IyhKg"
1535466448321	Marionette	INFO	Listening on port 42643
1535466448354	Marionette	WARN	TLS certificate errors will be ignored for this session
JavaScript error: https://login.taobao.com/jump?target=https://www.tmall.com, line 26: SyntaxError: expected expression, got '<'
ATTENTION: default value of option force_s3tc_enable overridden by environment.
1535466571232	geckodriver	INFO	geckodriver 0.20.0
1535466571240	geckodriver	INFO	Listening on 127.0.0.1:38185
1535466572885	geckodriver	INFO	geckodriver 0.20.0
1535466572895	geckodriver	INFO	Listening on 127.0.0.1:49440
1535466573897	mozrunner::runner	INFO	Running command: "/usr/bin/firefox" "-marionette" "-profile" "/tmp/rust_mozprofile.Oh60bumSW0IU"
1535466577544	Marionette	INFO	Listening on port 34714
1535466577648	Marionette	WARN	TLS certificate errors will be ignored for this session
JavaScript error: https://login.taobao.com/jump?target=https://www.tmall.com, line 26: SyntaxError: expected expression, got '<'
ATTENTION: default value of option force_s3tc_enable overridden by environment.
1535466663976	geckodriver	INFO	geckodriver 0.20.0
1535466663998	geckodriver	INFO	Listening on 127.0.0.1:47338
1535466664010	mozrunner::runner	INFO	Running command: "/usr/bin/firefox" "-marionette" "-profile" "/tmp/rust_mozprofile.ZfWlBnSdGWHj"
1535466670594	Marionette	INFO	Listening on port 45063
1535466670664	Marionette	WARN	TLS certificate errors will be ignored for this session
JavaScript error: https://login.taobao.com/jump?target=https://www.tmall.com, line 26: SyntaxError: expected expression, got '<'
ATTENTION: default value of option force_s3tc_enable overridden by environment.
1535466752422	geckodriver	INFO	geckodriver 0.20.0
1535466752430	geckodriver	INFO	Listening on 127.0.0.1:38912
1535466753432	mozrunner::runner	INFO	Running command: "/usr/bin/firefox" "-marionette" "-profile" "/tmp/rust_mozprofile.ra05fxCJ3vo6"
1535466757442	Marionette	INFO	Listening on port 33908
1535466757462	Marionette	WARN	TLS certificate errors will be ignored for this session
ATTENTION: default value of option force_s3tc_enable overridden by environment.
JavaScript error: https://login.taobao.com/jump?target=https://www.tmall.com, line 26: SyntaxError: expected expression, got '<'
1535467027184	geckodriver	INFO	geckodriver 0.20.0
1535467027192	geckodriver	INFO	Listening on 127.0.0.1:33578
1535467028196	mozrunner::runner	INFO	Running command: "/usr/bin/firefox" "-marionette" "-profile" "/tmp/rust_mozprofile.VneMSmyqXyoR"
1535467031817	Marionette	INFO	Listening on port 38693
1535467031926	Marionette	WARN	TLS certificate errors will be ignored for this session
ATTENTION: default value of option force_s3tc_enable overridden by environment.
JavaScript error: https://login.taobao.com/jump?target=https://www.tmall.com, line 26: SyntaxError: expected expression, got '<'
1535467472282	geckodriver	INFO	geckodriver 0.20.0
1535467472355	geckodriver	INFO	Listening on 127.0.0.1:51061
1535467472382	mozrunner::runner	INFO	Running command: "/usr/bin/firefox" "-marionette" "-profile" "/tmp/rust_mozprofile.VZ7dhY6eyCaH"
1535467484219	Marionette	INFO	Listening on port 38550
1535467484268	Marionette	WARN	TLS certificate errors will be ignored for this session
ATTENTION: default value of option force_s3tc_enable overridden by environment.
JavaScript error: https://login.taobao.com/jump?target=https://www.tmall.com, line 26: SyntaxError: expected expression, got '<'
1535467554595	geckodriver	INFO	geckodriver 0.20.0
1535467554614	geckodriver	INFO	Listening on 127.0.0.1:60772
1535467555674	mozrunner::runner	INFO	Running command: "/usr/bin/firefox" "-marionette" "-profile" "/tmp/rust_mozprofile.5d0974JuPnzn"
1535467562539	Marionette	INFO	Listening on port 38100
1535467562627	Marionette	WARN	TLS certificate errors will be ignored for this session
ATTENTION: default value of option force_s3tc_enable overridden by environment.
JavaScript error: https://login.taobao.com/jump?target=https://www.tmall.com, line 26: SyntaxError: expected expression, got '<'
JavaScript warning: https://g.alicdn.com/kissy/k/1.4.2/??xtemplate-min.js,xtemplate/compiler-min.js?t=1_2013072520131122.js, line 24: Using //@ to indicate sourceURL pragmas is deprecated. Use //# instead
JavaScript warning: https://g.alicdn.com/kissy/k/1.4.2/??xtemplate-min.js,xtemplate/compiler-min.js?t=1_2013072520131122.js, line 9: Using //@ to indicate sourceURL pragmas is deprecated. Use //# instead
JavaScript warning: https://g.alicdn.com/kissy/k/1.4.2/??xtemplate-min.js,xtemplate/compiler-min.js?t=1_2013072520131122.js, line 218: Using //@ to indicate sourceURL pragmas is deprecated. Use //# instead
JavaScript warning: https://g.alicdn.com/kissy/k/1.4.2/??xtemplate-min.js,xtemplate/compiler-min.js?t=1_2013072520131122.js, line 148: Using //@ to indicate sourceURL pragmas is deprecated. Use //# instead
JavaScript warning: https://g.alicdn.com/kissy/k/1.4.2/??xtemplate-min.js,xtemplate/compiler-min.js?t=1_2013072520131122.js, line 38: Using //@ to indicate sourceURL pragmas is deprecated. Use //# instead
JavaScript warning: https://g.alicdn.com/kissy/k/1.4.2/??xtemplate-min.js,xtemplate/compiler-min.js?t=1_2013072520131122.js, line 100: Using //@ to indicate sourceURL pragmas is deprecated. Use //# instead
JavaScript warning: https://g.alicdn.com/kissy/k/1.4.2/??xtemplate-min.js,xtemplate/compiler-min.js?t=1_2013072520131122.js, line 21: Using //@ to indicate sourceURL pragmas is deprecated. Use //# instead
JavaScript warning: https://g.alicdn.com/kissy/k/1.4.2/??xtemplate-min.js,xtemplate/compiler-min.js?t=1_2013072520131122.js, line 24: Using //@ to indicate sourceURL pragmas is deprecated. Use //# instead
JavaScript warning: https://g.alicdn.com/kissy/k/1.4.2/??xtemplate-min.js,xtemplate/compiler-min.js?t=1_2013072520131122.js, line 9: Using //@ to indicate sourceURL pragmas is deprecated. Use //# instead
JavaScript warning: https://g.alicdn.com/kissy/k/1.4.2/??xtemplate-min.js,xtemplate/compiler-min.js?t=1_2013072520131122.js, line 218: Using //@ to indicate sourceURL pragmas is deprecated. Use //# instead
JavaScript warning: https://g.alicdn.com/kissy/k/1.4.2/??xtemplate-min.js,xtemplate/compiler-min.js?t=1_2013072520131122.js, line 148: Using //@ to indicate sourceURL pragmas is deprecated. Use //# instead
JavaScript warning: https://g.alicdn.com/kissy/k/1.4.2/??xtemplate-min.js,xtemplate/compiler-min.js?t=1_2013072520131122.js, line 38: Using //@ to indicate sourceURL pragmas is deprecated. Use //# instead
JavaScript warning: https://g.alicdn.com/kissy/k/1.4.2/??xtemplate-min.js,xtemplate/compiler-min.js?t=1_2013072520131122.js, line 100: Using //@ to indicate sourceURL pragmas is deprecated. Use //# instead
JavaScript warning: https://g.alicdn.com/kissy/k/1.4.2/??xtemplate-min.js,xtemplate/compiler-min.js?t=1_2013072520131122.js, line 21: Using //@ to indicate sourceURL pragmas is deprecated. Use //# instead
JavaScript warning: https://g.alicdn.com/kissy/k/1.4.2/??xtemplate-min.js,xtemplate/compiler-min.js?t=1_2013072520131122.js, line 24: Using //@ to indicate sourceURL pragmas is deprecated. Use //# instead
JavaScript warning: https://g.alicdn.com/kissy/k/1.4.2/??xtemplate-min.js,xtemplate/compiler-min.js?t=1_2013072520131122.js, line 9: Using //@ to indicate sourceURL pragmas is deprecated. Use //# instead
JavaScript warning: https://g.alicdn.com/kissy/k/1.4.2/??xtemplate-min.js,xtemplate/compiler-min.js?t=1_2013072520131122.js, line 218: Using //@ to indicate sourceURL pragmas is deprecated. Use //# instead
JavaScript warning: https://g.alicdn.com/kissy/k/1.4.2/??xtemplate-min.js,xtemplate/compiler-min.js?t=1_2013072520131122.js, line 148: Using //@ to indicate sourceURL pragmas is deprecated. Use //# instead
JavaScript warning: https://g.alicdn.com/kissy/k/1.4.2/??xtemplate-min.js,xtemplate/compiler-min.js?t=1_2013072520131122.js, line 38: Using //@ to indicate sourceURL pragmas is deprecated. Use //# instead
JavaScript warning: https://g.alicdn.com/kissy/k/1.4.2/??xtemplate-min.js,xtemplate/compiler-min.js?t=1_2013072520131122.js, line 100: Using //@ to indicate sourceURL pragmas is deprecated. Use //# instead
JavaScript warning: https://g.alicdn.com/kissy/k/1.4.2/??xtemplate-min.js,xtemplate/compiler-min.js?t=1_2013072520131122.js, line 21: Using //@ to indicate sourceURL pragmas is deprecated. Use //# instead
JavaScript warning: https://g.alicdn.com/kissy/k/1.4.2/??xtemplate-min.js,xtemplate/compiler-min.js?t=1_2013072520131122.js, line 24: Using //@ to indicate sourceURL pragmas is deprecated. Use //# instead
JavaScript warning: https://g.alicdn.com/kissy/k/1.4.2/??xtemplate-min.js,xtemplate/compiler-min.js?t=1_2013072520131122.js, line 9: Using //@ to indicate sourceURL pragmas is deprecated. Use //# instead
JavaScript warning: https://g.alicdn.com/kissy/k/1.4.2/??xtemplate-min.js,xtemplate/compiler-min.js?t=1_2013072520131122.js, line 218: Using //@ to indicate sourceURL pragmas is deprecated. Use //# instead
JavaScript warning: https://g.alicdn.com/kissy/k/1.4.2/??xtemplate-min.js,xtemplate/compiler-min.js?t=1_2013072520131122.js, line 148: Using //@ to indicate sourceURL pragmas is deprecated. Use //# instead
JavaScript warning: https://g.alicdn.com/kissy/k/1.4.2/??xtemplate-min.js,xtemplate/compiler-min.js?t=1_2013072520131122.js, line 38: Using //@ to indicate sourceURL pragmas is deprecated. Use //# instead
JavaScript warning: https://g.alicdn.com/kissy/k/1.4.2/??xtemplate-min.js,xtemplate/compiler-min.js?t=1_2013072520131122.js, line 100: Using //@ to indicate sourceURL pragmas is deprecated. Use //# instead
JavaScript warning: https://g.alicdn.com/kissy/k/1.4.2/??xtemplate-min.js,xtemplate/compiler-min.js?t=1_2013072520131122.js, line 21: Using //@ to indicate sourceURL pragmas is deprecated. Use //# instead
JavaScript warning: https://g.alicdn.com/kissy/k/1.4.2/??xtemplate-min.js,xtemplate/compiler-min.js?t=1_2013072520131122.js, line 80: Using //@ to indicate sourceURL pragmas is deprecated. Use //# instead
JavaScript warning: https://g.alicdn.com/kissy/k/1.4.2/??xtemplate-min.js,xtemplate/compiler-min.js?t=1_2013072520131122.js, line 27: Using //@ to indicate sourceURL pragmas is deprecated. Use //# instead
JavaScript warning: https://g.alicdn.com/kissy/k/1.4.14/??event-min.js,anim-min.js,anim/base-min.js,anim/timer-min.js,anim/transition-min.js,base-min.js,attribute-min.js,node-min.js,cookie-min.js,overlay-min.js,component/container-min.js,component/control-min.js,component/manager-min.js,xtemplate/runtime-min.js,component/extension/shim-min.js,component/extension/align-min.js,component/extension/content-xtpl-min.js,component/extension/content-render-min.js,xtemplate-min.js,xtemplate/compiler-min.js, line 73: Using //@ to indicate sourceURL pragmas is deprecated. Use //# instead
JavaScript warning: https://g.alicdn.com/kissy/k/1.4.14/??event-min.js,anim-min.js,anim/base-min.js,anim/timer-min.js,anim/transition-min.js,base-min.js,attribute-min.js,node-min.js,cookie-min.js,overlay-min.js,component/container-min.js,component/control-min.js,component/manager-min.js,xtemplate/runtime-min.js,component/extension/shim-min.js,component/extension/align-min.js,component/extension/content-xtpl-min.js,component/extension/content-render-min.js,xtemplate-min.js,xtemplate/compiler-min.js, line 87: Using //@ to indicate sourceURL pragmas is deprecated. Use //# instead
JavaScript warning: https://g.alicdn.com/kissy/k/1.4.14/??event-min.js,anim-min.js,anim/base-min.js,anim/timer-min.js,anim/transition-min.js,base-min.js,attribute-min.js,node-min.js,cookie-min.js,overlay-min.js,component/container-min.js,component/control-min.js,component/manager-min.js,xtemplate/runtime-min.js,component/extension/shim-min.js,component/extension/align-min.js,component/extension/content-xtpl-min.js,component/extension/content-render-min.js,xtemplate-min.js,xtemplate/compiler-min.js, line 73: Using //@ to indicate sourceURL pragmas is deprecated. Use //# instead
JavaScript warning: https://g.alicdn.com/kissy/k/1.4.14/??event-min.js,anim-min.js,anim/base-min.js,anim/timer-min.js,anim/transition-min.js,base-min.js,attribute-min.js,node-min.js,cookie-min.js,overlay-min.js,component/container-min.js,component/control-min.js,component/manager-min.js,xtemplate/runtime-min.js,component/extension/shim-min.js,component/extension/align-min.js,component/extension/content-xtpl-min.js,component/extension/content-render-min.js,xtemplate-min.js,xtemplate/compiler-min.js, line 87: Using //@ to indicate sourceURL pragmas is deprecated. Use //# instead
JavaScript error: https://g.alicdn.com/??tm/detail/1.11.26/sku/stock.js,tm/detail/1.11.26/sku/address.js,tm/detail/1.11.26/sku/thumbViewer.js,tm/detail/1.11.26/view/main.js,tm/detail/1.11.26/sku/padadapte.js,tm/detail/1.11.26/recommend/skuRight.js,tm/shop/3.2.20/dc/global/index.js,tm/shop/3.2.20/dc/header/index.js?t=1_2013072520131122.js, line 1: TypeError: a is null
JavaScript warning: https://g.alicdn.com/kissy/k/1.4.2/??xtemplate-min.js,xtemplate/compiler-min.js?t=1_2013072520131122.js, line 24: Using //@ to indicate sourceURL pragmas is deprecated. Use //# instead
JavaScript warning: https://g.alicdn.com/kissy/k/1.4.2/??xtemplate-min.js,xtemplate/compiler-min.js?t=1_2013072520131122.js, line 9: Using //@ to indicate sourceURL pragmas is deprecated. Use //# instead
JavaScript warning: https://g.alicdn.com/kissy/k/1.4.2/??xtemplate-min.js,xtemplate/compiler-min.js?t=1_2013072520131122.js, line 218: Using //@ to indicate sourceURL pragmas is deprecated. Use //# instead
JavaScript warning: https://g.alicdn.com/kissy/k/1.4.2/??xtemplate-min.js,xtemplate/compiler-min.js?t=1_2013072520131122.js, line 148: Using //@ to indicate sourceURL pragmas is deprecated. Use //# instead
JavaScript warning: https://g.alicdn.com/kissy/k/1.4.2/??xtemplate-min.js,xtemplate/compiler-min.js?t=1_2013072520131122.js, line 38: Using //@ to indicate sourceURL pragmas is deprecated. Use //# instead
JavaScript warning: https://g.alicdn.com/kissy/k/1.4.2/??xtemplate-min.js,xtemplate/compiler-min.js?t=1_2013072520131122.js, line 100: Using //@ to indicate sourceURL pragmas is deprecated. Use //# instead
JavaScript warning: https://g.alicdn.com/kissy/k/1.4.2/??xtemplate-min.js,xtemplate/compiler-min.js?t=1_2013072520131122.js, line 21: Using //@ to indicate sourceURL pragmas is deprecated. Use //# instead
JavaScript warning: https://g.alicdn.com/kissy/k/1.4.14/??event-min.js,anim-min.js,anim/base-min.js,anim/timer-min.js,anim/transition-min.js,base-min.js,attribute-min.js,node-min.js,cookie-min.js,overlay-min.js,component/container-min.js,component/control-min.js,component/manager-min.js,xtemplate/runtime-min.js,component/extension/shim-min.js,component/extension/align-min.js,component/extension/content-xtpl-min.js,component/extension/content-render-min.js,xtemplate-min.js,xtemplate/compiler-min.js, line 73: Using //@ to indicate sourceURL pragmas is deprecated. Use //# instead
JavaScript warning: https://g.alicdn.com/kissy/k/1.4.14/??event-min.js,anim-min.js,anim/base-min.js,anim/timer-min.js,anim/transition-min.js,base-min.js,attribute-min.js,node-min.js,cookie-min.js,overlay-min.js,component/container-min.js,component/control-min.js,component/manager-min.js,xtemplate/runtime-min.js,component/extension/shim-min.js,component/extension/align-min.js,component/extension/content-xtpl-min.js,component/extension/content-render-min.js,xtemplate-min.js,xtemplate/compiler-min.js, line 87: Using //@ to indicate sourceURL pragmas is deprecated. Use //# instead
JavaScript warning: https://g.alicdn.com/kissy/k/1.4.14/??event-min.js,anim-min.js,anim/base-min.js,anim/timer-min.js,anim/transition-min.js,base-min.js,attribute-min.js,node-min.js,cookie-min.js,overlay-min.js,component/container-min.js,component/control-min.js,component/manager-min.js,xtemplate/runtime-min.js,component/extension/shim-min.js,component/extension/align-min.js,component/extension/content-xtpl-min.js,component/extension/content-render-min.js,xtemplate-min.js,xtemplate/compiler-min.js, line 73: Using //@ to indicate sourceURL pragmas is deprecated. Use //# instead
JavaScript warning: https://g.alicdn.com/kissy/k/1.4.14/??event-min.js,anim-min.js,anim/base-min.js,anim/timer-min.js,anim/transition-min.js,base-min.js,attribute-min.js,node-min.js,cookie-min.js,overlay-min.js,component/container-min.js,component/control-min.js,component/manager-min.js,xtemplate/runtime-min.js,component/extension/shim-min.js,component/extension/align-min.js,component/extension/content-xtpl-min.js,component/extension/content-render-min.js,xtemplate-min.js,xtemplate/compiler-min.js, line 87: Using //@ to indicate sourceURL pragmas is deprecated. Use //# instead
JavaScript warning: https://g.alicdn.com/kissy/k/1.4.14/??event-min.js,anim-min.js,anim/base-min.js,anim/timer-min.js,anim/transition-min.js,base-min.js,attribute-min.js,node-min.js,cookie-min.js,overlay-min.js,component/container-min.js,component/control-min.js,component/manager-min.js,xtemplate/runtime-min.js,component/extension/shim-min.js,component/extension/align-min.js,component/extension/content-xtpl-min.js,component/extension/content-render-min.js,xtemplate-min.js,xtemplate/compiler-min.js, line 73: Using //@ to indicate sourceURL pragmas is deprecated. Use //# instead
JavaScript warning: https://g.alicdn.com/kissy/k/1.4.14/??event-min.js,anim-min.js,anim/base-min.js,anim/timer-min.js,anim/transition-min.js,base-min.js,attribute-min.js,node-min.js,cookie-min.js,overlay-min.js,component/container-min.js,component/control-min.js,component/manager-min.js,xtemplate/runtime-min.js,component/extension/shim-min.js,component/extension/align-min.js,component/extension/content-xtpl-min.js,component/extension/content-render-min.js,xtemplate-min.js,xtemplate/compiler-min.js, line 87: Using //@ to indicate sourceURL pragmas is deprecated. Use //# instead
JavaScript warning: https://g.alicdn.com/kissy/k/1.4.2/??xtemplate-min.js,xtemplate/compiler-min.js?t=1_2013072520131122.js, line 24: Using //@ to indicate sourceURL pragmas is deprecated. Use //# instead
JavaScript warning: https://g.alicdn.com/kissy/k/1.4.2/??xtemplate-min.js,xtemplate/compiler-min.js?t=1_2013072520131122.js, line 9: Using //@ to indicate sourceURL pragmas is deprecated. Use //# instead
JavaScript warning: https://g.alicdn.com/kissy/k/1.4.2/??xtemplate-min.js,xtemplate/compiler-min.js?t=1_2013072520131122.js, line 218: Using //@ to indicate sourceURL pragmas is deprecated. Use //# instead
JavaScript warning: https://g.alicdn.com/kissy/k/1.4.2/??xtemplate-min.js,xtemplate/compiler-min.js?t=1_2013072520131122.js, line 148: Using //@ to indicate sourceURL pragmas is deprecated. Use //# instead
JavaScript warning: https://g.alicdn.com/kissy/k/1.4.2/??xtemplate-min.js,xtemplate/compiler-min.js?t=1_2013072520131122.js, line 38: Using //@ to indicate sourceURL pragmas is deprecated. Use //# instead
JavaScript warning: https://g.alicdn.com/kissy/k/1.4.2/??xtemplate-min.js,xtemplate/compiler-min.js?t=1_2013072520131122.js, line 100: Using //@ to indicate sourceURL pragmas is deprecated. Use //# instead
JavaScript warning: https://g.alicdn.com/kissy/k/1.4.2/??xtemplate-min.js,xtemplate/compiler-min.js?t=1_2013072520131122.js, line 21: Using //@ to indicate sourceURL pragmas is deprecated. Use //# instead
JavaScript warning: https://g.alicdn.com/kissy/k/1.4.2/??xtemplate-min.js,xtemplate/compiler-min.js?t=1_2013072520131122.js, line 24: Using //@ to indicate sourceURL pragmas is deprecated. Use //# instead
JavaScript warning: https://g.alicdn.com/kissy/k/1.4.2/??xtemplate-min.js,xtemplate/compiler-min.js?t=1_2013072520131122.js, line 9: Using //@ to indicate sourceURL pragmas is deprecated. Use //# instead
JavaScript warning: https://g.alicdn.com/kissy/k/1.4.2/??xtemplate-min.js,xtemplate/compiler-min.js?t=1_2013072520131122.js, line 218: Using //@ to indicate sourceURL pragmas is deprecated. Use //# instead
JavaScript warning: https://g.alicdn.com/kissy/k/1.4.2/??xtemplate-min.js,xtemplate/compiler-min.js?t=1_2013072520131122.js, line 148: Using //@ to indicate sourceURL pragmas is deprecated. Use //# instead
JavaScript warning: https://g.alicdn.com/kissy/k/1.4.2/??xtemplate-min.js,xtemplate/compiler-min.js?t=1_2013072520131122.js, line 38: Using //@ to indicate sourceURL pragmas is deprecated. Use //# instead
JavaScript warning: https://g.alicdn.com/kissy/k/1.4.2/??xtemplate-min.js,xtemplate/compiler-min.js?t=1_2013072520131122.js, line 100: Using //@ to indicate sourceURL pragmas is deprecated. Use //# instead
JavaScript warning: https://g.alicdn.com/kissy/k/1.4.2/??xtemplate-min.js,xtemplate/compiler-min.js?t=1_2013072520131122.js, line 21: Using //@ to indicate sourceURL pragmas is deprecated. Use //# instead
JavaScript warning: https://g.alicdn.com/kissy/k/1.4.2/??xtemplate-min.js,xtemplate/compiler-min.js?t=1_2013072520131122.js, line 24: Using //@ to indicate sourceURL pragmas is deprecated. Use //# instead
JavaScript warning: https://g.alicdn.com/kissy/k/1.4.2/??xtemplate-min.js,xtemplate/compiler-min.js?t=1_2013072520131122.js, line 9: Using //@ to indicate sourceURL pragmas is deprecated. Use //# instead
JavaScript warning: https://g.alicdn.com/kissy/k/1.4.2/??xtemplate-min.js,xtemplate/compiler-min.js?t=1_2013072520131122.js, line 218: Using //@ to indicate sourceURL pragmas is deprecated. Use //# instead
JavaScript warning: https://g.alicdn.com/kissy/k/1.4.2/??xtemplate-min.js,xtemplate/compiler-min.js?t=1_2013072520131122.js, line 148: Using //@ to indicate sourceURL pragmas is deprecated. Use //# instead
JavaScript warning: https://g.alicdn.com/kissy/k/1.4.2/??xtemplate-min.js,xtemplate/compiler-min.js?t=1_2013072520131122.js, line 38: Using //@ to indicate sourceURL pragmas is deprecated. Use //# instead
JavaScript warning: https://g.alicdn.com/kissy/k/1.4.2/??xtemplate-min.js,xtemplate/compiler-min.js?t=1_2013072520131122.js, line 100: Using //@ to indicate sourceURL pragmas is deprecated. Use //# instead
JavaScript warning: https://g.alicdn.com/kissy/k/1.4.2/??xtemplate-min.js,xtemplate/compiler-min.js?t=1_2013072520131122.js, line 21: Using //@ to indicate sourceURL pragmas is deprecated. Use //# instead
JavaScript warning: https://g.alicdn.com/kissy/k/1.4.2/??xtemplate-min.js,xtemplate/compiler-min.js?t=1_2013072520131122.js, line 24: Using //@ to indicate sourceURL pragmas is deprecated. Use //# instead
JavaScript warning: https://g.alicdn.com/kissy/k/1.4.2/??xtemplate-min.js,xtemplate/compiler-min.js?t=1_2013072520131122.js, line 9: Using //@ to indicate sourceURL pragmas is deprecated. Use //# instead
JavaScript warning: https://g.alicdn.com/kissy/k/1.4.2/??xtemplate-min.js,xtemplate/compiler-min.js?t=1_2013072520131122.js, line 218: Using //@ to indicate sourceURL pragmas is deprecated. Use //# instead
JavaScript warning: https://g.alicdn.com/kissy/k/1.4.2/??xtemplate-min.js,xtemplate/compiler-min.js?t=1_2013072520131122.js, line 148: Using //@ to indicate sourceURL pragmas is deprecated. Use //# instead
JavaScript warning: https://g.alicdn.com/kissy/k/1.4.2/??xtemplate-min.js,xtemplate/compiler-min.js?t=1_2013072520131122.js, line 38: Using //@ to indicate sourceURL pragmas is deprecated. Use //# instead
JavaScript warning: https://g.alicdn.com/kissy/k/1.4.2/??xtemplate-min.js,xtemplate/compiler-min.js?t=1_2013072520131122.js, line 100: Using //@ to indicate sourceURL pragmas is deprecated. Use //# instead
JavaScript warning: https://g.alicdn.com/kissy/k/1.4.2/??xtemplate-min.js,xtemplate/compiler-min.js?t=1_2013072520131122.js, line 21: Using //@ to indicate sourceURL pragmas is deprecated. Use //# instead
JavaScript warning: https://g.alicdn.com/kissy/k/1.4.2/??xtemplate-min.js,xtemplate/compiler-min.js?t=1_2013072520131122.js, line 24: Using //@ to indicate sourceURL pragmas is deprecated. Use //# instead
JavaScript warning: https://g.alicdn.com/kissy/k/1.4.2/??xtemplate-min.js,xtemplate/compiler-min.js?t=1_2013072520131122.js, line 9: Using //@ to indicate sourceURL pragmas is deprecated. Use //# instead
JavaScript warning: https://g.alicdn.com/kissy/k/1.4.2/??xtemplate-min.js,xtemplate/compiler-min.js?t=1_2013072520131122.js, line 218: Using //@ to indicate sourceURL pragmas is deprecated. Use //# instead
JavaScript warning: https://g.alicdn.com/kissy/k/1.4.2/??xtemplate-min.js,xtemplate/compiler-min.js?t=1_2013072520131122.js, line 148: Using //@ to indicate sourceURL pragmas is deprecated. Use //# instead
JavaScript warning: https://g.alicdn.com/kissy/k/1.4.2/??xtemplate-min.js,xtemplate/compiler-min.js?t=1_2013072520131122.js, line 38: Using //@ to indicate sourceURL pragmas is deprecated. Use //# instead
JavaScript warning: https://g.alicdn.com/kissy/k/1.4.2/??xtemplate-min.js,xtemplate/compiler-min.js?t=1_2013072520131122.js, line 100: Using //@ to indicate sourceURL pragmas is deprecated. Use //# instead
JavaScript warning: https://g.alicdn.com/kissy/k/1.4.2/??xtemplate-min.js,xtemplate/compiler-min.js?t=1_2013072520131122.js, line 21: Using //@ to indicate sourceURL pragmas is deprecated. Use //# instead
JavaScript warning: https://g.alicdn.com/kissy/k/1.4.2/??xtemplate-min.js,xtemplate/compiler-min.js?t=1_2013072520131122.js, line 24: Using //@ to indicate sourceURL pragmas is deprecated. Use //# instead
JavaScript warning: https://g.alicdn.com/kissy/k/1.4.2/??xtemplate-min.js,xtemplate/compiler-min.js?t=1_2013072520131122.js, line 9: Using //@ to indicate sourceURL pragmas is deprecated. Use //# instead
JavaScript warning: https://g.alicdn.com/kissy/k/1.4.2/??xtemplate-min.js,xtemplate/compiler-min.js?t=1_2013072520131122.js, line 218: Using //@ to indicate sourceURL pragmas is deprecated. Use //# instead
JavaScript warning: https://g.alicdn.com/kissy/k/1.4.2/??xtemplate-min.js,xtemplate/compiler-min.js?t=1_2013072520131122.js, line 148: Using //@ to indicate sourceURL pragmas is deprecated. Use //# instead
JavaScript warning: https://g.alicdn.com/kissy/k/1.4.2/??xtemplate-min.js,xtemplate/compiler-min.js?t=1_2013072520131122.js, line 38: Using //@ to indicate sourceURL pragmas is deprecated. Use //# instead
JavaScript warning: https://g.alicdn.com/kissy/k/1.4.2/??xtemplate-min.js,xtemplate/compiler-min.js?t=1_2013072520131122.js, line 100: Using //@ to indicate sourceURL pragmas is deprecated. Use //# instead
JavaScript warning: https://g.alicdn.com/kissy/k/1.4.2/??xtemplate-min.js,xtemplate/compiler-min.js?t=1_2013072520131122.js, line 21: Using //@ to indicate sourceURL pragmas is deprecated. Use //# instead
JavaScript warning: https://g.alicdn.com/kissy/k/1.4.2/??xtemplate-min.js,xtemplate/compiler-min.js?t=1_2013072520131122.js, line 24: Using //@ to indicate sourceURL pragmas is deprecated. Use //# instead
JavaScript warning: https://g.alicdn.com/kissy/k/1.4.2/??xtemplate-min.js,xtemplate/compiler-min.js?t=1_2013072520131122.js, line 9: Using //@ to indicate sourceURL pragmas is deprecated. Use //# instead
JavaScript warning: https://g.alicdn.com/kissy/k/1.4.2/??xtemplate-min.js,xtemplate/compiler-min.js?t=1_2013072520131122.js, line 218: Using //@ to indicate sourceURL pragmas is deprecated. Use //# instead
JavaScript warning: https://g.alicdn.com/kissy/k/1.4.2/??xtemplate-min.js,xtemplate/compiler-min.js?t=1_2013072520131122.js, line 148: Using //@ to indicate sourceURL pragmas is deprecated. Use //# instead
JavaScript warning: https://g.alicdn.com/kissy/k/1.4.2/??xtemplate-min.js,xtemplate/compiler-min.js?t=1_2013072520131122.js, line 38: Using //@ to indicate sourceURL pragmas is deprecated. Use //# instead
JavaScript warning: https://g.alicdn.com/kissy/k/1.4.2/??xtemplate-min.js,xtemplate/compiler-min.js?t=1_2013072520131122.js, line 100: Using //@ to indicate sourceURL pragmas is deprecated. Use //# instead
JavaScript warning: https://g.alicdn.com/kissy/k/1.4.2/??xtemplate-min.js,xtemplate/compiler-min.js?t=1_2013072520131122.js, line 21: Using //@ to indicate sourceURL pragmas is deprecated. Use //# instead
JavaScript warning: https://g.alicdn.com/kissy/k/1.4.2/??xtemplate-min.js,xtemplate/compiler-min.js?t=1_2013072520131122.js, line 24: Using //@ to indicate sourceURL pragmas is deprecated. Use //# instead
JavaScript warning: https://g.alicdn.com/kissy/k/1.4.2/??xtemplate-min.js,xtemplate/compiler-min.js?t=1_2013072520131122.js, line 9: Using //@ to indicate sourceURL pragmas is deprecated. Use //# instead
JavaScript warning: https://g.alicdn.com/kissy/k/1.4.2/??xtemplate-min.js,xtemplate/compiler-min.js?t=1_2013072520131122.js, line 218: Using //@ to indicate sourceURL pragmas is deprecated. Use //# instead
JavaScript warning: https://g.alicdn.com/kissy/k/1.4.2/??xtemplate-min.js,xtemplate/compiler-min.js?t=1_2013072520131122.js, line 148: Using //@ to indicate sourceURL pragmas is deprecated. Use //# instead
JavaScript warning: https://g.alicdn.com/kissy/k/1.4.2/??xtemplate-min.js,xtemplate/compiler-min.js?t=1_2013072520131122.js, line 38: Using //@ to indicate sourceURL pragmas is deprecated. Use //# instead
JavaScript warning: https://g.alicdn.com/kissy/k/1.4.2/??xtemplate-min.js,xtemplate/compiler-min.js?t=1_2013072520131122.js, line 100: Using //@ to indicate sourceURL pragmas is deprecated. Use //# instead
JavaScript warning: https://g.alicdn.com/kissy/k/1.4.2/??xtemplate-min.js,xtemplate/compiler-min.js?t=1_2013072520131122.js, line 21: Using //@ to indicate sourceURL pragmas is deprecated. Use //# instead
JavaScript warning: https://g.alicdn.com/kissy/k/1.4.2/??xtemplate-min.js,xtemplate/compiler-min.js?t=1_2013072520131122.js, line 24: Using //@ to indicate sourceURL pragmas is deprecated. Use //# instead
JavaScript warning: https://g.alicdn.com/kissy/k/1.4.2/??xtemplate-min.js,xtemplate/compiler-min.js?t=1_2013072520131122.js, line 9: Using //@ to indicate sourceURL pragmas is deprecated. Use //# instead
JavaScript warning: https://g.alicdn.com/kissy/k/1.4.2/??xtemplate-min.js,xtemplate/compiler-min.js?t=1_2013072520131122.js, line 218: Using //@ to indicate sourceURL pragmas is deprecated. Use //# instead
JavaScript warning: https://g.alicdn.com/kissy/k/1.4.2/??xtemplate-min.js,xtemplate/compiler-min.js?t=1_2013072520131122.js, line 148: Using //@ to indicate sourceURL pragmas is deprecated. Use //# instead
JavaScript warning: https://g.alicdn.com/kissy/k/1.4.2/??xtemplate-min.js,xtemplate/compiler-min.js?t=1_2013072520131122.js, line 38: Using //@ to indicate sourceURL pragmas is deprecated. Use //# instead
JavaScript warning: https://g.alicdn.com/kissy/k/1.4.2/??xtemplate-min.js,xtemplate/compiler-min.js?t=1_2013072520131122.js, line 100: Using //@ to indicate sourceURL pragmas is deprecated. Use //# instead
JavaScript warning: https://g.alicdn.com/kissy/k/1.4.2/??xtemplate-min.js,xtemplate/compiler-min.js?t=1_2013072520131122.js, line 21: Using //@ to indicate sourceURL pragmas is deprecated. Use //# instead
JavaScript warning: https://g.alicdn.com/kissy/k/1.4.2/??xtemplate-min.js,xtemplate/compiler-min.js?t=1_2013072520131122.js, line 24: Using //@ to indicate sourceURL pragmas is deprecated. Use //# instead
JavaScript warning: https://g.alicdn.com/kissy/k/1.4.2/??xtemplate-min.js,xtemplate/compiler-min.js?t=1_2013072520131122.js, line 9: Using //@ to indicate sourceURL pragmas is deprecated. Use //# instead
JavaScript warning: https://g.alicdn.com/kissy/k/1.4.2/??xtemplate-min.js,xtemplate/compiler-min.js?t=1_2013072520131122.js, line 218: Using //@ to indicate sourceURL pragmas is deprecated. Use //# instead
JavaScript warning: https://g.alicdn.com/kissy/k/1.4.2/??xtemplate-min.js,xtemplate/compiler-min.js?t=1_2013072520131122.js, line 148: Using //@ to indicate sourceURL pragmas is deprecated. Use //# instead
JavaScript warning: https://g.alicdn.com/kissy/k/1.4.2/??xtemplate-min.js,xtemplate/compiler-min.js?t=1_2013072520131122.js, line 38: Using //@ to indicate sourceURL pragmas is deprecated. Use //# instead
JavaScript warning: https://g.alicdn.com/kissy/k/1.4.2/??xtemplate-min.js,xtemplate/compiler-min.js?t=1_2013072520131122.js, line 100: Using //@ to indicate sourceURL pragmas is deprecated. Use //# instead
JavaScript warning: https://g.alicdn.com/kissy/k/1.4.2/??xtemplate-min.js,xtemplate/compiler-min.js?t=1_2013072520131122.js, line 21: Using //@ to indicate sourceURL pragmas is deprecated. Use //# instead
JavaScript warning: https://g.alicdn.com/kissy/k/1.4.2/??xtemplate-min.js,xtemplate/compiler-min.js?t=1_2013072520131122.js, line 24: Using //@ to indicate sourceURL pragmas is deprecated. Use //# instead
JavaScript warning: https://g.alicdn.com/kissy/k/1.4.2/??xtemplate-min.js,xtemplate/compiler-min.js?t=1_2013072520131122.js, line 9: Using //@ to indicate sourceURL pragmas is deprecated. Use //# instead
JavaScript warning: https://g.alicdn.com/kissy/k/1.4.2/??xtemplate-min.js,xtemplate/compiler-min.js?t=1_2013072520131122.js, line 218: Using //@ to indicate sourceURL pragmas is deprecated. Use //# instead
JavaScript warning: https://g.alicdn.com/kissy/k/1.4.2/??xtemplate-min.js,xtemplate/compiler-min.js?t=1_2013072520131122.js, line 148: Using //@ to indicate sourceURL pragmas is deprecated. Use //# instead
JavaScript warning: https://g.alicdn.com/kissy/k/1.4.2/??xtemplate-min.js,xtemplate/compiler-min.js?t=1_2013072520131122.js, line 38: Using //@ to indicate sourceURL pragmas is deprecated. Use //# instead
JavaScript warning: https://g.alicdn.com/kissy/k/1.4.2/??xtemplate-min.js,xtemplate/compiler-min.js?t=1_2013072520131122.js, line 100: Using //@ to indicate sourceURL pragmas is deprecated. Use //# instead
JavaScript warning: https://g.alicdn.com/kissy/k/1.4.2/??xtemplate-min.js,xtemplate/compiler-min.js?t=1_2013072520131122.js, line 21: Using //@ to indicate sourceURL pragmas is deprecated. Use //# instead
JavaScript warning: https://g.alicdn.com/kissy/k/1.4.2/??xtemplate-min.js,xtemplate/compiler-min.js?t=1_2013072520131122.js, line 24: Using //@ to indicate sourceURL pragmas is deprecated. Use //# instead
JavaScript warning: https://g.alicdn.com/kissy/k/1.4.2/??xtemplate-min.js,xtemplate/compiler-min.js?t=1_2013072520131122.js, line 9: Using //@ to indicate sourceURL pragmas is deprecated. Use //# instead
JavaScript warning: https://g.alicdn.com/kissy/k/1.4.2/??xtemplate-min.js,xtemplate/compiler-min.js?t=1_2013072520131122.js, line 218: Using //@ to indicate sourceURL pragmas is deprecated. Use //# instead
JavaScript warning: https://g.alicdn.com/kissy/k/1.4.2/??xtemplate-min.js,xtemplate/compiler-min.js?t=1_2013072520131122.js, line 148: Using //@ to indicate sourceURL pragmas is deprecated. Use //# instead
JavaScript warning: https://g.alicdn.com/kissy/k/1.4.2/??xtemplate-min.js,xtemplate/compiler-min.js?t=1_2013072520131122.js, line 38: Using //@ to indicate sourceURL pragmas is deprecated. Use //# instead
JavaScript warning: https://g.alicdn.com/kissy/k/1.4.2/??xtemplate-min.js,xtemplate/compiler-min.js?t=1_2013072520131122.js, line 100: Using //@ to indicate sourceURL pragmas is deprecated. Use //# instead
JavaScript warning: https://g.alicdn.com/kissy/k/1.4.2/??xtemplate-min.js,xtemplate/compiler-min.js?t=1_2013072520131122.js, line 21: Using //@ to indicate sourceURL pragmas is deprecated. Use //# instead
JavaScript warning: https://g.alicdn.com/kissy/k/1.4.2/??xtemplate-min.js,xtemplate/compiler-min.js?t=1_2013072520131122.js, line 24: Using //@ to indicate sourceURL pragmas is deprecated. Use //# instead
JavaScript warning: https://g.alicdn.com/kissy/k/1.4.2/??xtemplate-min.js,xtemplate/compiler-min.js?t=1_2013072520131122.js, line 9: Using //@ to indicate sourceURL pragmas is deprecated. Use //# instead
JavaScript warning: https://g.alicdn.com/kissy/k/1.4.2/??xtemplate-min.js,xtemplate/compiler-min.js?t=1_2013072520131122.js, line 218: Using //@ to indicate sourceURL pragmas is deprecated. Use //# instead
JavaScript warning: https://g.alicdn.com/kissy/k/1.4.2/??xtemplate-min.js,xtemplate/compiler-min.js?t=1_2013072520131122.js, line 148: Using //@ to indicate sourceURL pragmas is deprecated. Use //# instead
JavaScript warning: https://g.alicdn.com/kissy/k/1.4.2/??xtemplate-min.js,xtemplate/compiler-min.js?t=1_2013072520131122.js, line 38: Using //@ to indicate sourceURL pragmas is deprecated. Use //# instead
JavaScript warning: https://g.alicdn.com/kissy/k/1.4.2/??xtemplate-min.js,xtemplate/compiler-min.js?t=1_2013072520131122.js, line 100: Using //@ to indicate sourceURL pragmas is deprecated. Use //# instead
JavaScript warning: https://g.alicdn.com/kissy/k/1.4.2/??xtemplate-min.js,xtemplate/compiler-min.js?t=1_2013072520131122.js, line 21: Using //@ to indicate sourceURL pragmas is deprecated. Use //# instead
JavaScript warning: https://g.alicdn.com/kissy/k/1.4.2/??xtemplate-min.js,xtemplate/compiler-min.js?t=1_2013072520131122.js, line 24: Using //@ to indicate sourceURL pragmas is deprecated. Use //# instead
JavaScript warning: https://g.alicdn.com/kissy/k/1.4.2/??xtemplate-min.js,xtemplate/compiler-min.js?t=1_2013072520131122.js, line 9: Using //@ to indicate sourceURL pragmas is deprecated. Use //# instead
JavaScript warning: https://g.alicdn.com/kissy/k/1.4.2/??xtemplate-min.js,xtemplate/compiler-min.js?t=1_2013072520131122.js, line 218: Using //@ to indicate sourceURL pragmas is deprecated. Use //# instead
JavaScript warning: https://g.alicdn.com/kissy/k/1.4.2/??xtemplate-min.js,xtemplate/compiler-min.js?t=1_2013072520131122.js, line 148: Using //@ to indicate sourceURL pragmas is deprecated. Use //# instead
JavaScript warning: https://g.alicdn.com/kissy/k/1.4.2/??xtemplate-min.js,xtemplate/compiler-min.js?t=1_2013072520131122.js, line 38: Using //@ to indicate sourceURL pragmas is deprecated. Use //# instead
JavaScript warning: https://g.alicdn.com/kissy/k/1.4.2/??xtemplate-min.js,xtemplate/compiler-min.js?t=1_2013072520131122.js, line 100: Using //@ to indicate sourceURL pragmas is deprecated. Use //# instead
JavaScript warning: https://g.alicdn.com/kissy/k/1.4.2/??xtemplate-min.js,xtemplate/compiler-min.js?t=1_2013072520131122.js, line 21: Using //@ to indicate sourceURL pragmas is deprecated. Use //# instead
JavaScript warning: https://g.alicdn.com/kissy/k/1.4.14/??event-min.js,anim-min.js,anim/base-min.js,anim/timer-min.js,anim/transition-min.js,base-min.js,attribute-min.js,node-min.js,cookie-min.js,overlay-min.js,component/container-min.js,component/control-min.js,component/manager-min.js,xtemplate/runtime-min.js,component/extension/shim-min.js,component/extension/align-min.js,component/extension/content-xtpl-min.js,component/extension/content-render-min.js,xtemplate-min.js,xtemplate/compiler-min.js, line 73: Using //@ to indicate sourceURL pragmas is deprecated. Use //# instead
JavaScript warning: https://g.alicdn.com/kissy/k/1.4.14/??event-min.js,anim-min.js,anim/base-min.js,anim/timer-min.js,anim/transition-min.js,base-min.js,attribute-min.js,node-min.js,cookie-min.js,overlay-min.js,component/container-min.js,component/control-min.js,component/manager-min.js,xtemplate/runtime-min.js,component/extension/shim-min.js,component/extension/align-min.js,component/extension/content-xtpl-min.js,component/extension/content-render-min.js,xtemplate-min.js,xtemplate/compiler-min.js, line 87: Using //@ to indicate sourceURL pragmas is deprecated. Use //# instead
JavaScript warning: https://g.alicdn.com/kissy/k/1.4.14/??event-min.js,anim-min.js,anim/base-min.js,anim/timer-min.js,anim/transition-min.js,base-min.js,attribute-min.js,node-min.js,cookie-min.js,overlay-min.js,component/container-min.js,component/control-min.js,component/manager-min.js,xtemplate/runtime-min.js,component/extension/shim-min.js,component/extension/align-min.js,component/extension/content-xtpl-min.js,component/extension/content-render-min.js,xtemplate-min.js,xtemplate/compiler-min.js, line 73: Using //@ to indicate sourceURL pragmas is deprecated. Use //# instead
JavaScript warning: https://g.alicdn.com/kissy/k/1.4.14/??event-min.js,anim-min.js,anim/base-min.js,anim/timer-min.js,anim/transition-min.js,base-min.js,attribute-min.js,node-min.js,cookie-min.js,overlay-min.js,component/container-min.js,component/control-min.js,component/manager-min.js,xtemplate/runtime-min.js,component/extension/shim-min.js,component/extension/align-min.js,component/extension/content-xtpl-min.js,component/extension/content-render-min.js,xtemplate-min.js,xtemplate/compiler-min.js, line 87: Using //@ to indicate sourceURL pragmas is deprecated. Use //# instead
JavaScript warning: https://g.alicdn.com/kissy/k/1.4.2/??xtemplate-min.js,xtemplate/compiler-min.js?t=1_2013072520131122.js, line 24: Using //@ to indicate sourceURL pragmas is deprecated. Use //# instead
JavaScript warning: https://g.alicdn.com/kissy/k/1.4.2/??xtemplate-min.js,xtemplate/compiler-min.js?t=1_2013072520131122.js, line 9: Using //@ to indicate sourceURL pragmas is deprecated. Use //# instead
JavaScript warning: https://g.alicdn.com/kissy/k/1.4.2/??xtemplate-min.js,xtemplate/compiler-min.js?t=1_2013072520131122.js, line 218: Using //@ to indicate sourceURL pragmas is deprecated. Use //# instead
JavaScript warning: https://g.alicdn.com/kissy/k/1.4.2/??xtemplate-min.js,xtemplate/compiler-min.js?t=1_2013072520131122.js, line 148: Using //@ to indicate sourceURL pragmas is deprecated. Use //# instead
JavaScript warning: https://g.alicdn.com/kissy/k/1.4.2/??xtemplate-min.js,xtemplate/compiler-min.js?t=1_2013072520131122.js, line 38: Using //@ to indicate sourceURL pragmas is deprecated. Use //# instead
JavaScript warning: https://g.alicdn.com/kissy/k/1.4.2/??xtemplate-min.js,xtemplate/compiler-min.js?t=1_2013072520131122.js, line 100: Using //@ to indicate sourceURL pragmas is deprecated. Use //# instead
JavaScript warning: https://g.alicdn.com/kissy/k/1.4.2/??xtemplate-min.js,xtemplate/compiler-min.js?t=1_2013072520131122.js, line 21: Using //@ to indicate sourceURL pragmas is deprecated. Use //# instead
JavaScript warning: https://g.alicdn.com/kissy/k/1.4.2/??xtemplate-min.js,xtemplate/compiler-min.js?t=1_2013072520131122.js, line 80: Using //@ to indicate sourceURL pragmas is deprecated. Use //# instead
JavaScript warning: https://g.alicdn.com/kissy/k/1.4.2/??xtemplate-min.js,xtemplate/compiler-min.js?t=1_2013072520131122.js, line 27: Using //@ to indicate sourceURL pragmas is deprecated. Use //# instead
1535507732195	geckodriver	INFO	geckodriver 0.20.0
1535507732274	geckodriver	INFO	Listening on 127.0.0.1:40856
1535507733256	mozrunner::runner	INFO	Running command: "/usr/bin/firefox" "-marionette" "-profile" "/tmp/rust_mozprofile.48vxJkbeRwk8"
1535507777280	Marionette	INFO	Listening on port 45172
1535507779604	Marionette	WARN	TLS certificate errors will be ignored for this session
ATTENTION: default value of option force_s3tc_enable overridden by environment.
JavaScript error: https://login.taobao.com/jump?target=https://www.tmall.com, line 26: SyntaxError: expected expression, got '<'
